{"/Users/carlossalgado/Web/vues/src/alertQuotes.js": {"data":{"path":"/Users/carlossalgado/Web/vues/src/alertQuotes.js","statementMap":{"0":{"start":{"line":1,"column":12},"end":{"line":1873,"column":1}},"1":{"start":{"line":1875,"column":16},"end":{"line":1879,"column":36}},"2":{"start":{"line":1877,"column":4},"end":{"line":1877,"column":45}},"3":{"start":{"line":1879,"column":17},"end":{"line":1879,"column":35}},"4":{"start":{"line":1880,"column":16},"end":{"line":1884,"column":36}},"5":{"start":{"line":1882,"column":4},"end":{"line":1882,"column":45}},"6":{"start":{"line":1884,"column":17},"end":{"line":1884,"column":35}}},"fnMap":{"0":{"name":"(anonymous_0)","decl":{"start":{"line":1876,"column":7},"end":{"line":1876,"column":8}},"loc":{"start":{"line":1876,"column":14},"end":{"line":1878,"column":3}},"line":1876},"1":{"name":"(anonymous_1)","decl":{"start":{"line":1879,"column":10},"end":{"line":1879,"column":11}},"loc":{"start":{"line":1879,"column":17},"end":{"line":1879,"column":35}},"line":1879},"2":{"name":"(anonymous_2)","decl":{"start":{"line":1881,"column":7},"end":{"line":1881,"column":8}},"loc":{"start":{"line":1881,"column":14},"end":{"line":1883,"column":3}},"line":1881},"3":{"name":"(anonymous_3)","decl":{"start":{"line":1884,"column":10},"end":{"line":1884,"column":11}},"loc":{"start":{"line":1884,"column":17},"end":{"line":1884,"column":35}},"line":1884}},"branchMap":{},"s":{"0":1,"1":1,"2":370,"3":370,"4":1,"5":370,"6":370},"f":{"0":370,"1":370,"2":370,"3":370},"b":{},"_coverageSchema":"43e27e138ebf9cfc5966b082cf9a028302ed4184","hash":"cde41d62b32106bee20da324ace76ea004fac254"}}
,"/Users/carlossalgado/Web/vues/src/firebase.js": {"data":{"path":"/Users/carlossalgado/Web/vues/src/firebase.js","statementMap":{"0":{"start":{"line":11,"column":0},"end":{"line":16,"column":3}},"1":{"start":{"line":18,"column":0},"end":{"line":18,"column":20}},"2":{"start":{"line":20,"column":12},"end":{"line":28,"column":2}},"3":{"start":{"line":30,"column":17},"end":{"line":30,"column":31}},"4":{"start":{"line":31,"column":20},"end":{"line":31,"column":40}},"5":{"start":{"line":36,"column":10},"end":{"line":36,"column":48}},"6":{"start":{"line":38,"column":0},"end":{"line":61,"column":3}},"7":{"start":{"line":39,"column":2},"end":{"line":60,"column":3}},"8":{"start":{"line":40,"column":4},"end":{"line":57,"column":9}},"9":{"start":{"line":44,"column":8},"end":{"line":44,"column":38}},"10":{"start":{"line":45,"column":8},"end":{"line":56,"column":9}},"11":{"start":{"line":46,"column":10},"end":{"line":46,"column":44}},"12":{"start":{"line":47,"column":10},"end":{"line":47,"column":38}},"13":{"start":{"line":48,"column":10},"end":{"line":48,"column":44}},"14":{"start":{"line":49,"column":10},"end":{"line":49,"column":39}},"15":{"start":{"line":50,"column":15},"end":{"line":56,"column":9}},"16":{"start":{"line":51,"column":10},"end":{"line":51,"column":45}},"17":{"start":{"line":52,"column":10},"end":{"line":52,"column":38}},"18":{"start":{"line":53,"column":10},"end":{"line":53,"column":24}},"19":{"start":{"line":54,"column":10},"end":{"line":54,"column":55}},"20":{"start":{"line":55,"column":10},"end":{"line":55,"column":44}},"21":{"start":{"line":59,"column":4},"end":{"line":59,"column":38}},"22":{"start":{"line":67,"column":2},"end":{"line":67,"column":37}},"23":{"start":{"line":71,"column":2},"end":{"line":98,"column":5}},"24":{"start":{"line":72,"column":4},"end":{"line":72,"column":32}},"25":{"start":{"line":73,"column":4},"end":{"line":73,"column":36}},"26":{"start":{"line":74,"column":4},"end":{"line":97,"column":9}},"27":{"start":{"line":88,"column":22},"end":{"line":88,"column":24}},"28":{"start":{"line":89,"column":8},"end":{"line":94,"column":11}},"29":{"start":{"line":90,"column":20},"end":{"line":90,"column":29}},"30":{"start":{"line":91,"column":21},"end":{"line":91,"column":32}},"31":{"start":{"line":92,"column":10},"end":{"line":92,"column":24}},"32":{"start":{"line":93,"column":10},"end":{"line":93,"column":29}},"33":{"start":{"line":95,"column":8},"end":{"line":95,"column":40}},"34":{"start":{"line":96,"column":8},"end":{"line":96,"column":25}},"35":{"start":{"line":102,"column":2},"end":{"line":116,"column":5}},"36":{"start":{"line":103,"column":4},"end":{"line":103,"column":27}},"37":{"start":{"line":104,"column":4},"end":{"line":104,"column":32}},"38":{"start":{"line":105,"column":4},"end":{"line":115,"column":7}},"39":{"start":{"line":106,"column":20},"end":{"line":106,"column":22}},"40":{"start":{"line":107,"column":6},"end":{"line":112,"column":9}},"41":{"start":{"line":108,"column":18},"end":{"line":108,"column":27}},"42":{"start":{"line":109,"column":19},"end":{"line":109,"column":30}},"43":{"start":{"line":110,"column":8},"end":{"line":110,"column":22}},"44":{"start":{"line":111,"column":8},"end":{"line":111,"column":27}},"45":{"start":{"line":113,"column":6},"end":{"line":113,"column":32}},"46":{"start":{"line":114,"column":6},"end":{"line":114,"column":23}},"47":{"start":{"line":120,"column":2},"end":{"line":138,"column":5}},"48":{"start":{"line":121,"column":4},"end":{"line":121,"column":32}},"49":{"start":{"line":122,"column":4},"end":{"line":137,"column":9}},"50":{"start":{"line":128,"column":22},"end":{"line":128,"column":24}},"51":{"start":{"line":129,"column":8},"end":{"line":134,"column":11}},"52":{"start":{"line":130,"column":20},"end":{"line":130,"column":29}},"53":{"start":{"line":131,"column":21},"end":{"line":131,"column":32}},"54":{"start":{"line":132,"column":10},"end":{"line":132,"column":24}},"55":{"start":{"line":133,"column":10},"end":{"line":133,"column":29}},"56":{"start":{"line":135,"column":8},"end":{"line":135,"column":39}},"57":{"start":{"line":136,"column":8},"end":{"line":136,"column":28}},"58":{"start":{"line":142,"column":2},"end":{"line":160,"column":5}},"59":{"start":{"line":143,"column":4},"end":{"line":143,"column":32}},"60":{"start":{"line":144,"column":4},"end":{"line":144,"column":32}},"61":{"start":{"line":145,"column":4},"end":{"line":159,"column":9}},"62":{"start":{"line":150,"column":22},"end":{"line":150,"column":24}},"63":{"start":{"line":151,"column":8},"end":{"line":156,"column":11}},"64":{"start":{"line":152,"column":20},"end":{"line":152,"column":29}},"65":{"start":{"line":153,"column":21},"end":{"line":153,"column":32}},"66":{"start":{"line":154,"column":10},"end":{"line":154,"column":24}},"67":{"start":{"line":155,"column":10},"end":{"line":155,"column":29}},"68":{"start":{"line":157,"column":8},"end":{"line":157,"column":39}},"69":{"start":{"line":158,"column":8},"end":{"line":158,"column":25}},"70":{"start":{"line":164,"column":2},"end":{"line":181,"column":5}},"71":{"start":{"line":165,"column":4},"end":{"line":165,"column":28}},"72":{"start":{"line":166,"column":4},"end":{"line":180,"column":7}},"73":{"start":{"line":167,"column":20},"end":{"line":167,"column":22}},"74":{"start":{"line":168,"column":6},"end":{"line":177,"column":9}},"75":{"start":{"line":169,"column":18},"end":{"line":169,"column":27}},"76":{"start":{"line":170,"column":19},"end":{"line":170,"column":30}},"77":{"start":{"line":171,"column":8},"end":{"line":171,"column":22}},"78":{"start":{"line":172,"column":8},"end":{"line":176,"column":11}},"79":{"start":{"line":173,"column":10},"end":{"line":175,"column":11}},"80":{"start":{"line":174,"column":12},"end":{"line":174,"column":31}},"81":{"start":{"line":178,"column":6},"end":{"line":178,"column":33}},"82":{"start":{"line":179,"column":6},"end":{"line":179,"column":23}},"83":{"start":{"line":185,"column":2},"end":{"line":195,"column":5}},"84":{"start":{"line":186,"column":4},"end":{"line":186,"column":28}},"85":{"start":{"line":187,"column":4},"end":{"line":187,"column":32}},"86":{"start":{"line":188,"column":4},"end":{"line":194,"column":9}},"87":{"start":{"line":192,"column":8},"end":{"line":192,"column":35}},"88":{"start":{"line":193,"column":8},"end":{"line":193,"column":32}},"89":{"start":{"line":199,"column":2},"end":{"line":249,"column":5}},"90":{"start":{"line":200,"column":4},"end":{"line":200,"column":39}},"91":{"start":{"line":201,"column":4},"end":{"line":201,"column":32}},"92":{"start":{"line":202,"column":4},"end":{"line":248,"column":9}},"93":{"start":{"line":206,"column":22},"end":{"line":206,"column":24}},"94":{"start":{"line":207,"column":28},"end":{"line":207,"column":30}},"95":{"start":{"line":208,"column":24},"end":{"line":208,"column":26}},"96":{"start":{"line":209,"column":8},"end":{"line":212,"column":11}},"97":{"start":{"line":210,"column":21},"end":{"line":210,"column":32}},"98":{"start":{"line":211,"column":10},"end":{"line":211,"column":34}},"99":{"start":{"line":213,"column":8},"end":{"line":222,"column":13}},"100":{"start":{"line":215,"column":12},"end":{"line":215,"column":49}},"101":{"start":{"line":218,"column":12},"end":{"line":218,"column":28}},"102":{"start":{"line":221,"column":12},"end":{"line":221,"column":38}},"103":{"start":{"line":223,"column":8},"end":{"line":223,"column":35}},"104":{"start":{"line":224,"column":8},"end":{"line":224,"column":25}},"105":{"start":{"line":225,"column":8},"end":{"line":225,"column":29}},"106":{"start":{"line":226,"column":8},"end":{"line":244,"column":13}},"107":{"start":{"line":228,"column":29},"end":{"line":230,"column":21}},"108":{"start":{"line":229,"column":14},"end":{"line":229,"column":28}},"109":{"start":{"line":231,"column":12},"end":{"line":234,"column":14}},"110":{"start":{"line":237,"column":20},"end":{"line":237,"column":31}},"111":{"start":{"line":238,"column":20},"end":{"line":238,"column":31}},"112":{"start":{"line":239,"column":12},"end":{"line":239,"column":46}},"113":{"start":{"line":243,"column":12},"end":{"line":243,"column":28}},"114":{"start":{"line":245,"column":8},"end":{"line":245,"column":49}},"115":{"start":{"line":246,"column":8},"end":{"line":246,"column":46}},"116":{"start":{"line":247,"column":8},"end":{"line":247,"column":50}},"117":{"start":{"line":257,"column":2},"end":{"line":300,"column":5}},"118":{"start":{"line":258,"column":4},"end":{"line":258,"column":34}},"119":{"start":{"line":259,"column":4},"end":{"line":259,"column":34}},"120":{"start":{"line":260,"column":4},"end":{"line":260,"column":34}},"121":{"start":{"line":261,"column":4},"end":{"line":261,"column":32}},"122":{"start":{"line":262,"column":18},"end":{"line":262,"column":20}},"123":{"start":{"line":263,"column":24},"end":{"line":263,"column":26}},"124":{"start":{"line":264,"column":20},"end":{"line":264,"column":22}},"125":{"start":{"line":265,"column":4},"end":{"line":299,"column":7}},"126":{"start":{"line":266,"column":6},"end":{"line":266,"column":39}},"127":{"start":{"line":267,"column":6},"end":{"line":270,"column":9}},"128":{"start":{"line":268,"column":19},"end":{"line":268,"column":30}},"129":{"start":{"line":269,"column":8},"end":{"line":269,"column":37}},"130":{"start":{"line":271,"column":6},"end":{"line":271,"column":39}},"131":{"start":{"line":272,"column":6},"end":{"line":276,"column":16}},"132":{"start":{"line":274,"column":10},"end":{"line":274,"column":47}},"133":{"start":{"line":277,"column":6},"end":{"line":295,"column":11}},"134":{"start":{"line":279,"column":27},"end":{"line":281,"column":19}},"135":{"start":{"line":280,"column":12},"end":{"line":280,"column":26}},"136":{"start":{"line":282,"column":10},"end":{"line":285,"column":12}},"137":{"start":{"line":288,"column":18},"end":{"line":288,"column":29}},"138":{"start":{"line":289,"column":18},"end":{"line":289,"column":29}},"139":{"start":{"line":290,"column":10},"end":{"line":290,"column":44}},"140":{"start":{"line":294,"column":10},"end":{"line":294,"column":26}},"141":{"start":{"line":296,"column":6},"end":{"line":296,"column":47}},"142":{"start":{"line":297,"column":6},"end":{"line":297,"column":39}},"143":{"start":{"line":298,"column":6},"end":{"line":298,"column":48}},"144":{"start":{"line":304,"column":2},"end":{"line":330,"column":5}},"145":{"start":{"line":305,"column":4},"end":{"line":305,"column":42}},"146":{"start":{"line":306,"column":4},"end":{"line":306,"column":32}},"147":{"start":{"line":307,"column":4},"end":{"line":329,"column":7}},"148":{"start":{"line":308,"column":20},"end":{"line":308,"column":22}},"149":{"start":{"line":309,"column":20},"end":{"line":309,"column":22}},"150":{"start":{"line":310,"column":6},"end":{"line":312,"column":9}},"151":{"start":{"line":311,"column":8},"end":{"line":311,"column":34}},"152":{"start":{"line":313,"column":6},"end":{"line":326,"column":11}},"153":{"start":{"line":315,"column":10},"end":{"line":315,"column":49}},"154":{"start":{"line":318,"column":19},"end":{"line":318,"column":39}},"155":{"start":{"line":319,"column":19},"end":{"line":319,"column":39}},"156":{"start":{"line":320,"column":10},"end":{"line":323,"column":22}},"157":{"start":{"line":323,"column":12},"end":{"line":323,"column":22}},"158":{"start":{"line":324,"column":10},"end":{"line":324,"column":32}},"159":{"start":{"line":324,"column":23},"end":{"line":324,"column":32}},"160":{"start":{"line":325,"column":10},"end":{"line":325,"column":19}},"161":{"start":{"line":327,"column":6},"end":{"line":327,"column":47}},"162":{"start":{"line":328,"column":6},"end":{"line":328,"column":23}},"163":{"start":{"line":334,"column":2},"end":{"line":346,"column":5}},"164":{"start":{"line":335,"column":4},"end":{"line":335,"column":40}},"165":{"start":{"line":336,"column":4},"end":{"line":336,"column":32}},"166":{"start":{"line":337,"column":4},"end":{"line":345,"column":9}},"167":{"start":{"line":343,"column":8},"end":{"line":343,"column":47}},"168":{"start":{"line":344,"column":8},"end":{"line":344,"column":50}},"169":{"start":{"line":350,"column":2},"end":{"line":362,"column":5}},"170":{"start":{"line":351,"column":4},"end":{"line":351,"column":44}},"171":{"start":{"line":352,"column":4},"end":{"line":352,"column":32}},"172":{"start":{"line":353,"column":4},"end":{"line":361,"column":9}},"173":{"start":{"line":359,"column":8},"end":{"line":359,"column":51}},"174":{"start":{"line":360,"column":8},"end":{"line":360,"column":50}},"175":{"start":{"line":366,"column":2},"end":{"line":366,"column":23}},"176":{"start":{"line":367,"column":2},"end":{"line":384,"column":5}},"177":{"start":{"line":368,"column":4},"end":{"line":368,"column":32}},"178":{"start":{"line":369,"column":4},"end":{"line":369,"column":44}},"179":{"start":{"line":370,"column":13},"end":{"line":380,"column":10}},"180":{"start":{"line":371,"column":6},"end":{"line":379,"column":7}},"181":{"start":{"line":372,"column":8},"end":{"line":372,"column":50}},"182":{"start":{"line":374,"column":8},"end":{"line":378,"column":9}},"183":{"start":{"line":375,"column":10},"end":{"line":375,"column":55}},"184":{"start":{"line":377,"column":10},"end":{"line":377,"column":44}},"185":{"start":{"line":381,"column":4},"end":{"line":381,"column":20}},"186":{"start":{"line":382,"column":4},"end":{"line":382,"column":28}},"187":{"start":{"line":383,"column":4},"end":{"line":383,"column":16}},"188":{"start":{"line":388,"column":2},"end":{"line":388,"column":25}},"189":{"start":{"line":389,"column":2},"end":{"line":404,"column":5}},"190":{"start":{"line":390,"column":4},"end":{"line":390,"column":32}},"191":{"start":{"line":391,"column":4},"end":{"line":401,"column":7}},"192":{"start":{"line":392,"column":6},"end":{"line":400,"column":7}},"193":{"start":{"line":393,"column":8},"end":{"line":393,"column":50}},"194":{"start":{"line":395,"column":8},"end":{"line":399,"column":9}},"195":{"start":{"line":396,"column":10},"end":{"line":396,"column":55}},"196":{"start":{"line":398,"column":10},"end":{"line":398,"column":50}},"197":{"start":{"line":402,"column":4},"end":{"line":402,"column":30}},"198":{"start":{"line":403,"column":4},"end":{"line":403,"column":17}},"199":{"start":{"line":408,"column":2},"end":{"line":417,"column":7}},"200":{"start":{"line":412,"column":6},"end":{"line":416,"column":7}},"201":{"start":{"line":413,"column":8},"end":{"line":413,"column":21}},"202":{"start":{"line":415,"column":8},"end":{"line":415,"column":46}},"203":{"start":{"line":421,"column":2},"end":{"line":421,"column":25}},"204":{"start":{"line":422,"column":2},"end":{"line":439,"column":5}},"205":{"start":{"line":423,"column":4},"end":{"line":438,"column":7}},"206":{"start":{"line":424,"column":6},"end":{"line":424,"column":20}},"207":{"start":{"line":425,"column":6},"end":{"line":425,"column":23}},"208":{"start":{"line":426,"column":6},"end":{"line":437,"column":11}},"209":{"start":{"line":428,"column":10},"end":{"line":431,"column":22}},"210":{"start":{"line":434,"column":10},"end":{"line":434,"column":36}},"211":{"start":{"line":435,"column":10},"end":{"line":435,"column":45}},"212":{"start":{"line":436,"column":10},"end":{"line":436,"column":23}},"213":{"start":{"line":443,"column":2},"end":{"line":443,"column":31}},"214":{"start":{"line":444,"column":16},"end":{"line":444,"column":17}},"215":{"start":{"line":445,"column":2},"end":{"line":448,"column":5}},"216":{"start":{"line":449,"column":2},"end":{"line":481,"column":7}},"217":{"start":{"line":451,"column":6},"end":{"line":472,"column":9}},"218":{"start":{"line":452,"column":8},"end":{"line":471,"column":9}},"219":{"start":{"line":453,"column":10},"end":{"line":460,"column":15}},"220":{"start":{"line":457,"column":14},"end":{"line":459,"column":15}},"221":{"start":{"line":458,"column":16},"end":{"line":458,"column":29}},"222":{"start":{"line":461,"column":10},"end":{"line":469,"column":15}},"223":{"start":{"line":466,"column":14},"end":{"line":468,"column":15}},"224":{"start":{"line":467,"column":16},"end":{"line":467,"column":29}},"225":{"start":{"line":470,"column":10},"end":{"line":470,"column":20}},"226":{"start":{"line":475,"column":6},"end":{"line":475,"column":39}},"227":{"start":{"line":476,"column":6},"end":{"line":480,"column":9}},"228":{"start":{"line":485,"column":2},"end":{"line":485,"column":32}},"229":{"start":{"line":486,"column":16},"end":{"line":486,"column":17}},"230":{"start":{"line":487,"column":2},"end":{"line":490,"column":5}},"231":{"start":{"line":491,"column":2},"end":{"line":536,"column":5}},"232":{"start":{"line":493,"column":6},"end":{"line":506,"column":9}},"233":{"start":{"line":494,"column":8},"end":{"line":505,"column":11}},"234":{"start":{"line":495,"column":10},"end":{"line":504,"column":11}},"235":{"start":{"line":496,"column":12},"end":{"line":502,"column":17}},"236":{"start":{"line":499,"column":16},"end":{"line":501,"column":17}},"237":{"start":{"line":500,"column":18},"end":{"line":500,"column":31}},"238":{"start":{"line":503,"column":12},"end":{"line":503,"column":22}},"239":{"start":{"line":509,"column":6},"end":{"line":527,"column":9}},"240":{"start":{"line":510,"column":18},"end":{"line":510,"column":22}},"241":{"start":{"line":511,"column":8},"end":{"line":526,"column":9}},"242":{"start":{"line":512,"column":21},"end":{"line":512,"column":43}},"243":{"start":{"line":513,"column":10},"end":{"line":525,"column":13}},"244":{"start":{"line":514,"column":12},"end":{"line":524,"column":15}},"245":{"start":{"line":515,"column":14},"end":{"line":523,"column":15}},"246":{"start":{"line":516,"column":16},"end":{"line":522,"column":21}},"247":{"start":{"line":519,"column":20},"end":{"line":521,"column":21}},"248":{"start":{"line":520,"column":22},"end":{"line":520,"column":35}},"249":{"start":{"line":530,"column":4},"end":{"line":530,"column":37}},"250":{"start":{"line":531,"column":4},"end":{"line":535,"column":7}}},"fnMap":{"0":{"name":"(anonymous_0)","decl":{"start":{"line":38,"column":35},"end":{"line":38,"column":36}},"loc":{"start":{"line":38,"column":45},"end":{"line":61,"column":1}},"line":38},"1":{"name":"(anonymous_1)","decl":{"start":{"line":43,"column":12},"end":{"line":43,"column":13}},"loc":{"start":{"line":43,"column":31},"end":{"line":57,"column":7}},"line":43},"2":{"name":"getUser","decl":{"start":{"line":66,"column":16},"end":{"line":66,"column":23}},"loc":{"start":{"line":66,"column":26},"end":{"line":68,"column":1}},"line":66},"3":{"name":"getByDateRange","decl":{"start":{"line":70,"column":16},"end":{"line":70,"column":30}},"loc":{"start":{"line":70,"column":61},"end":{"line":99,"column":1}},"line":70},"4":{"name":"(anonymous_4)","decl":{"start":{"line":71,"column":21},"end":{"line":71,"column":22}},"loc":{"start":{"line":71,"column":34},"end":{"line":98,"column":3}},"line":71},"5":{"name":"(anonymous_5)","decl":{"start":{"line":87,"column":19},"end":{"line":87,"column":20}},"loc":{"start":{"line":87,"column":29},"end":{"line":97,"column":7}},"line":87},"6":{"name":"(anonymous_6)","decl":{"start":{"line":89,"column":21},"end":{"line":89,"column":22}},"loc":{"start":{"line":89,"column":32},"end":{"line":94,"column":9}},"line":89},"7":{"name":"getAll","decl":{"start":{"line":101,"column":16},"end":{"line":101,"column":22}},"loc":{"start":{"line":101,"column":29},"end":{"line":117,"column":1}},"line":101},"8":{"name":"(anonymous_8)","decl":{"start":{"line":102,"column":21},"end":{"line":102,"column":22}},"loc":{"start":{"line":102,"column":34},"end":{"line":116,"column":3}},"line":102},"9":{"name":"(anonymous_9)","decl":{"start":{"line":105,"column":32},"end":{"line":105,"column":33}},"loc":{"start":{"line":105,"column":42},"end":{"line":115,"column":5}},"line":105},"10":{"name":"(anonymous_10)","decl":{"start":{"line":107,"column":19},"end":{"line":107,"column":20}},"loc":{"start":{"line":107,"column":30},"end":{"line":112,"column":7}},"line":107},"11":{"name":"getOneWhere","decl":{"start":{"line":119,"column":16},"end":{"line":119,"column":27}},"loc":{"start":{"line":119,"column":47},"end":{"line":139,"column":1}},"line":119},"12":{"name":"(anonymous_12)","decl":{"start":{"line":120,"column":21},"end":{"line":120,"column":22}},"loc":{"start":{"line":120,"column":34},"end":{"line":138,"column":3}},"line":120},"13":{"name":"(anonymous_13)","decl":{"start":{"line":127,"column":19},"end":{"line":127,"column":20}},"loc":{"start":{"line":127,"column":29},"end":{"line":137,"column":7}},"line":127},"14":{"name":"(anonymous_14)","decl":{"start":{"line":129,"column":21},"end":{"line":129,"column":22}},"loc":{"start":{"line":129,"column":32},"end":{"line":134,"column":9}},"line":129},"15":{"name":"getAllWhere","decl":{"start":{"line":141,"column":16},"end":{"line":141,"column":27}},"loc":{"start":{"line":141,"column":47},"end":{"line":161,"column":1}},"line":141},"16":{"name":"(anonymous_16)","decl":{"start":{"line":142,"column":21},"end":{"line":142,"column":22}},"loc":{"start":{"line":142,"column":34},"end":{"line":160,"column":3}},"line":142},"17":{"name":"(anonymous_17)","decl":{"start":{"line":149,"column":19},"end":{"line":149,"column":20}},"loc":{"start":{"line":149,"column":29},"end":{"line":159,"column":7}},"line":149},"18":{"name":"(anonymous_18)","decl":{"start":{"line":151,"column":21},"end":{"line":151,"column":22}},"loc":{"start":{"line":151,"column":32},"end":{"line":156,"column":9}},"line":151},"19":{"name":"getAllOrdersWhereProduct","decl":{"start":{"line":163,"column":16},"end":{"line":163,"column":40}},"loc":{"start":{"line":163,"column":50},"end":{"line":182,"column":1}},"line":163},"20":{"name":"(anonymous_20)","decl":{"start":{"line":164,"column":21},"end":{"line":164,"column":22}},"loc":{"start":{"line":164,"column":34},"end":{"line":181,"column":3}},"line":164},"21":{"name":"(anonymous_21)","decl":{"start":{"line":166,"column":36},"end":{"line":166,"column":37}},"loc":{"start":{"line":166,"column":46},"end":{"line":180,"column":5}},"line":166},"22":{"name":"(anonymous_22)","decl":{"start":{"line":168,"column":19},"end":{"line":168,"column":20}},"loc":{"start":{"line":168,"column":30},"end":{"line":177,"column":7}},"line":168},"23":{"name":"(anonymous_23)","decl":{"start":{"line":172,"column":30},"end":{"line":172,"column":31}},"loc":{"start":{"line":172,"column":37},"end":{"line":176,"column":9}},"line":172},"24":{"name":"getById","decl":{"start":{"line":184,"column":16},"end":{"line":184,"column":23}},"loc":{"start":{"line":184,"column":34},"end":{"line":196,"column":1}},"line":184},"25":{"name":"(anonymous_25)","decl":{"start":{"line":185,"column":21},"end":{"line":185,"column":22}},"loc":{"start":{"line":185,"column":39},"end":{"line":195,"column":3}},"line":185},"26":{"name":"(anonymous_26)","decl":{"start":{"line":191,"column":19},"end":{"line":191,"column":20}},"loc":{"start":{"line":191,"column":38},"end":{"line":194,"column":7}},"line":191},"27":{"name":"getMostUsedClients","decl":{"start":{"line":198,"column":16},"end":{"line":198,"column":34}},"loc":{"start":{"line":198,"column":41},"end":{"line":250,"column":1}},"line":198},"28":{"name":"(anonymous_28)","decl":{"start":{"line":199,"column":21},"end":{"line":199,"column":22}},"loc":{"start":{"line":199,"column":39},"end":{"line":249,"column":3}},"line":199},"29":{"name":"(anonymous_29)","decl":{"start":{"line":205,"column":19},"end":{"line":205,"column":20}},"loc":{"start":{"line":205,"column":34},"end":{"line":248,"column":7}},"line":205},"30":{"name":"(anonymous_30)","decl":{"start":{"line":209,"column":21},"end":{"line":209,"column":22}},"loc":{"start":{"line":209,"column":32},"end":{"line":212,"column":9}},"line":209},"31":{"name":"(anonymous_31)","decl":{"start":{"line":214,"column":18},"end":{"line":214,"column":19}},"loc":{"start":{"line":214,"column":42},"end":{"line":216,"column":11}},"line":214},"32":{"name":"(anonymous_32)","decl":{"start":{"line":217,"column":15},"end":{"line":217,"column":16}},"loc":{"start":{"line":217,"column":22},"end":{"line":219,"column":11}},"line":217},"33":{"name":"(anonymous_33)","decl":{"start":{"line":220,"column":16},"end":{"line":220,"column":17}},"loc":{"start":{"line":220,"column":31},"end":{"line":222,"column":11}},"line":220},"34":{"name":"(anonymous_34)","decl":{"start":{"line":227,"column":15},"end":{"line":227,"column":16}},"loc":{"start":{"line":227,"column":22},"end":{"line":235,"column":11}},"line":227},"35":{"name":"(anonymous_35)","decl":{"start":{"line":228,"column":44},"end":{"line":228,"column":45}},"loc":{"start":{"line":228,"column":51},"end":{"line":230,"column":13}},"line":228},"36":{"name":"(anonymous_36)","decl":{"start":{"line":236,"column":16},"end":{"line":236,"column":17}},"loc":{"start":{"line":236,"column":31},"end":{"line":240,"column":11}},"line":236},"37":{"name":"(anonymous_37)","decl":{"start":{"line":242,"column":15},"end":{"line":242,"column":16}},"loc":{"start":{"line":242,"column":22},"end":{"line":244,"column":11}},"line":242},"38":{"name":"getMostUsed","decl":{"start":{"line":252,"column":16},"end":{"line":252,"column":27}},"loc":{"start":{"line":252,"column":50},"end":{"line":301,"column":1}},"line":252},"39":{"name":"(anonymous_39)","decl":{"start":{"line":257,"column":21},"end":{"line":257,"column":22}},"loc":{"start":{"line":257,"column":39},"end":{"line":300,"column":3}},"line":257},"40":{"name":"(anonymous_40)","decl":{"start":{"line":265,"column":34},"end":{"line":265,"column":35}},"loc":{"start":{"line":265,"column":49},"end":{"line":299,"column":5}},"line":265},"41":{"name":"(anonymous_41)","decl":{"start":{"line":267,"column":19},"end":{"line":267,"column":20}},"loc":{"start":{"line":267,"column":30},"end":{"line":270,"column":7}},"line":267},"42":{"name":"(anonymous_42)","decl":{"start":{"line":273,"column":16},"end":{"line":273,"column":17}},"loc":{"start":{"line":273,"column":40},"end":{"line":275,"column":9}},"line":273},"43":{"name":"(anonymous_43)","decl":{"start":{"line":278,"column":13},"end":{"line":278,"column":14}},"loc":{"start":{"line":278,"column":20},"end":{"line":286,"column":9}},"line":278},"44":{"name":"(anonymous_44)","decl":{"start":{"line":279,"column":42},"end":{"line":279,"column":43}},"loc":{"start":{"line":279,"column":49},"end":{"line":281,"column":11}},"line":279},"45":{"name":"(anonymous_45)","decl":{"start":{"line":287,"column":14},"end":{"line":287,"column":15}},"loc":{"start":{"line":287,"column":29},"end":{"line":291,"column":9}},"line":287},"46":{"name":"(anonymous_46)","decl":{"start":{"line":293,"column":13},"end":{"line":293,"column":14}},"loc":{"start":{"line":293,"column":20},"end":{"line":295,"column":9}},"line":293},"47":{"name":"getAsOptionsForSelect","decl":{"start":{"line":303,"column":16},"end":{"line":303,"column":37}},"loc":{"start":{"line":303,"column":44},"end":{"line":331,"column":1}},"line":303},"48":{"name":"(anonymous_48)","decl":{"start":{"line":304,"column":21},"end":{"line":304,"column":22}},"loc":{"start":{"line":304,"column":39},"end":{"line":330,"column":3}},"line":304},"49":{"name":"(anonymous_49)","decl":{"start":{"line":307,"column":34},"end":{"line":307,"column":35}},"loc":{"start":{"line":307,"column":49},"end":{"line":329,"column":5}},"line":307},"50":{"name":"(anonymous_50)","decl":{"start":{"line":310,"column":19},"end":{"line":310,"column":20}},"loc":{"start":{"line":310,"column":30},"end":{"line":312,"column":7}},"line":310},"51":{"name":"(anonymous_51)","decl":{"start":{"line":314,"column":13},"end":{"line":314,"column":14}},"loc":{"start":{"line":314,"column":20},"end":{"line":316,"column":9}},"line":314},"52":{"name":"(anonymous_52)","decl":{"start":{"line":317,"column":14},"end":{"line":317,"column":15}},"loc":{"start":{"line":317,"column":29},"end":{"line":326,"column":9}},"line":317},"53":{"name":"getClientsLastOrder","decl":{"start":{"line":333,"column":16},"end":{"line":333,"column":35}},"loc":{"start":{"line":333,"column":44},"end":{"line":347,"column":1}},"line":333},"54":{"name":"(anonymous_54)","decl":{"start":{"line":334,"column":21},"end":{"line":334,"column":22}},"loc":{"start":{"line":334,"column":39},"end":{"line":346,"column":3}},"line":334},"55":{"name":"(anonymous_55)","decl":{"start":{"line":342,"column":21},"end":{"line":342,"column":22}},"loc":{"start":{"line":342,"column":40},"end":{"line":345,"column":7}},"line":342},"56":{"name":"getProvidersLastExpense","decl":{"start":{"line":349,"column":16},"end":{"line":349,"column":39}},"loc":{"start":{"line":349,"column":50},"end":{"line":363,"column":1}},"line":349},"57":{"name":"(anonymous_57)","decl":{"start":{"line":350,"column":21},"end":{"line":350,"column":22}},"loc":{"start":{"line":350,"column":39},"end":{"line":362,"column":3}},"line":350},"58":{"name":"(anonymous_58)","decl":{"start":{"line":358,"column":21},"end":{"line":358,"column":22}},"loc":{"start":{"line":358,"column":40},"end":{"line":361,"column":7}},"line":358},"59":{"name":"save","decl":{"start":{"line":365,"column":16},"end":{"line":365,"column":20}},"loc":{"start":{"line":365,"column":47},"end":{"line":385,"column":1}},"line":365},"60":{"name":"(anonymous_60)","decl":{"start":{"line":367,"column":21},"end":{"line":367,"column":22}},"loc":{"start":{"line":367,"column":34},"end":{"line":384,"column":3}},"line":367},"61":{"name":"(anonymous_61)","decl":{"start":{"line":370,"column":43},"end":{"line":370,"column":44}},"loc":{"start":{"line":370,"column":59},"end":{"line":380,"column":5}},"line":370},"62":{"name":"update","decl":{"start":{"line":387,"column":16},"end":{"line":387,"column":22}},"loc":{"start":{"line":387,"column":54},"end":{"line":405,"column":1}},"line":387},"63":{"name":"(anonymous_63)","decl":{"start":{"line":389,"column":21},"end":{"line":389,"column":22}},"loc":{"start":{"line":389,"column":34},"end":{"line":404,"column":3}},"line":389},"64":{"name":"(anonymous_64)","decl":{"start":{"line":391,"column":36},"end":{"line":391,"column":37}},"loc":{"start":{"line":391,"column":52},"end":{"line":401,"column":5}},"line":391},"65":{"name":"updateSingleProp","decl":{"start":{"line":407,"column":16},"end":{"line":407,"column":32}},"loc":{"start":{"line":407,"column":75},"end":{"line":418,"column":1}},"line":407},"66":{"name":"(anonymous_66)","decl":{"start":{"line":411,"column":38},"end":{"line":411,"column":39}},"loc":{"start":{"line":411,"column":54},"end":{"line":417,"column":5}},"line":411},"67":{"name":"remove","decl":{"start":{"line":420,"column":16},"end":{"line":420,"column":22}},"loc":{"start":{"line":420,"column":34},"end":{"line":440,"column":1}},"line":420},"68":{"name":"(anonymous_68)","decl":{"start":{"line":422,"column":21},"end":{"line":422,"column":22}},"loc":{"start":{"line":422,"column":34},"end":{"line":439,"column":3}},"line":422},"69":{"name":"(anonymous_69)","decl":{"start":{"line":423,"column":28},"end":{"line":423,"column":29}},"loc":{"start":{"line":423,"column":38},"end":{"line":438,"column":5}},"line":423},"70":{"name":"(anonymous_70)","decl":{"start":{"line":427,"column":14},"end":{"line":427,"column":15}},"loc":{"start":{"line":427,"column":20},"end":{"line":432,"column":9}},"line":427},"71":{"name":"(anonymous_71)","decl":{"start":{"line":433,"column":14},"end":{"line":433,"column":15}},"loc":{"start":{"line":433,"column":20},"end":{"line":437,"column":9}},"line":433},"72":{"name":"renameClient","decl":{"start":{"line":442,"column":16},"end":{"line":442,"column":28}},"loc":{"start":{"line":442,"column":58},"end":{"line":482,"column":1}},"line":442},"73":{"name":"(anonymous_73)","decl":{"start":{"line":450,"column":10},"end":{"line":450,"column":11}},"loc":{"start":{"line":450,"column":22},"end":{"line":473,"column":5}},"line":450},"74":{"name":"(anonymous_74)","decl":{"start":{"line":451,"column":21},"end":{"line":451,"column":22}},"loc":{"start":{"line":451,"column":28},"end":{"line":472,"column":7}},"line":451},"75":{"name":"(anonymous_75)","decl":{"start":{"line":456,"column":41},"end":{"line":456,"column":42}},"loc":{"start":{"line":456,"column":57},"end":{"line":460,"column":13}},"line":456},"76":{"name":"(anonymous_76)","decl":{"start":{"line":465,"column":39},"end":{"line":465,"column":40}},"loc":{"start":{"line":465,"column":55},"end":{"line":469,"column":13}},"line":465},"77":{"name":"(anonymous_77)","decl":{"start":{"line":474,"column":10},"end":{"line":474,"column":11}},"loc":{"start":{"line":474,"column":16},"end":{"line":481,"column":5}},"line":474},"78":{"name":"renameProduct","decl":{"start":{"line":484,"column":16},"end":{"line":484,"column":29}},"loc":{"start":{"line":484,"column":59},"end":{"line":537,"column":1}},"line":484},"79":{"name":"(anonymous_79)","decl":{"start":{"line":492,"column":26},"end":{"line":492,"column":27}},"loc":{"start":{"line":492,"column":38},"end":{"line":507,"column":5}},"line":492},"80":{"name":"(anonymous_80)","decl":{"start":{"line":493,"column":21},"end":{"line":493,"column":22}},"loc":{"start":{"line":493,"column":28},"end":{"line":506,"column":7}},"line":493},"81":{"name":"(anonymous_81)","decl":{"start":{"line":494,"column":27},"end":{"line":494,"column":28}},"loc":{"start":{"line":494,"column":37},"end":{"line":505,"column":9}},"line":494},"82":{"name":"(anonymous_82)","decl":{"start":{"line":498,"column":41},"end":{"line":498,"column":42}},"loc":{"start":{"line":498,"column":57},"end":{"line":502,"column":15}},"line":498},"83":{"name":"(anonymous_83)","decl":{"start":{"line":508,"column":27},"end":{"line":508,"column":28}},"loc":{"start":{"line":508,"column":40},"end":{"line":528,"column":5}},"line":508},"84":{"name":"(anonymous_84)","decl":{"start":{"line":509,"column":22},"end":{"line":509,"column":23}},"loc":{"start":{"line":509,"column":29},"end":{"line":527,"column":7}},"line":509},"85":{"name":"(anonymous_85)","decl":{"start":{"line":513,"column":23},"end":{"line":513,"column":24}},"loc":{"start":{"line":513,"column":30},"end":{"line":525,"column":11}},"line":513},"86":{"name":"(anonymous_86)","decl":{"start":{"line":514,"column":42},"end":{"line":514,"column":43}},"loc":{"start":{"line":514,"column":52},"end":{"line":524,"column":13}},"line":514},"87":{"name":"(anonymous_87)","decl":{"start":{"line":518,"column":60},"end":{"line":518,"column":61}},"loc":{"start":{"line":518,"column":76},"end":{"line":522,"column":19}},"line":518},"88":{"name":"(anonymous_88)","decl":{"start":{"line":529,"column":10},"end":{"line":529,"column":11}},"loc":{"start":{"line":529,"column":16},"end":{"line":536,"column":3}},"line":529}},"branchMap":{"0":{"loc":{"start":{"line":39,"column":2},"end":{"line":60,"column":3}},"type":"if","locations":[{"start":{"line":39,"column":2},"end":{"line":60,"column":3}},{"start":{"line":39,"column":2},"end":{"line":60,"column":3}}],"line":39},"1":{"loc":{"start":{"line":45,"column":8},"end":{"line":56,"column":9}},"type":"if","locations":[{"start":{"line":45,"column":8},"end":{"line":56,"column":9}},{"start":{"line":45,"column":8},"end":{"line":56,"column":9}}],"line":45},"2":{"loc":{"start":{"line":50,"column":15},"end":{"line":56,"column":9}},"type":"if","locations":[{"start":{"line":50,"column":15},"end":{"line":56,"column":9}},{"start":{"line":50,"column":15},"end":{"line":56,"column":9}}],"line":50},"3":{"loc":{"start":{"line":173,"column":10},"end":{"line":175,"column":11}},"type":"if","locations":[{"start":{"line":173,"column":10},"end":{"line":175,"column":11}},{"start":{"line":173,"column":10},"end":{"line":175,"column":11}}],"line":173},"4":{"loc":{"start":{"line":239,"column":19},"end":{"line":239,"column":45}},"type":"cond-expr","locations":[{"start":{"line":239,"column":27},"end":{"line":239,"column":28}},{"start":{"line":239,"column":31},"end":{"line":239,"column":45}}],"line":239},"5":{"loc":{"start":{"line":239,"column":31},"end":{"line":239,"column":45}},"type":"cond-expr","locations":[{"start":{"line":239,"column":39},"end":{"line":239,"column":41}},{"start":{"line":239,"column":44},"end":{"line":239,"column":45}}],"line":239},"6":{"loc":{"start":{"line":290,"column":17},"end":{"line":290,"column":43}},"type":"cond-expr","locations":[{"start":{"line":290,"column":25},"end":{"line":290,"column":26}},{"start":{"line":290,"column":29},"end":{"line":290,"column":43}}],"line":290},"7":{"loc":{"start":{"line":290,"column":29},"end":{"line":290,"column":43}},"type":"cond-expr","locations":[{"start":{"line":290,"column":37},"end":{"line":290,"column":39}},{"start":{"line":290,"column":42},"end":{"line":290,"column":43}}],"line":290},"8":{"loc":{"start":{"line":320,"column":10},"end":{"line":323,"column":22}},"type":"if","locations":[{"start":{"line":320,"column":10},"end":{"line":323,"column":22}},{"start":{"line":320,"column":10},"end":{"line":323,"column":22}}],"line":320},"9":{"loc":{"start":{"line":324,"column":10},"end":{"line":324,"column":32}},"type":"if","locations":[{"start":{"line":324,"column":10},"end":{"line":324,"column":32}},{"start":{"line":324,"column":10},"end":{"line":324,"column":32}}],"line":324},"10":{"loc":{"start":{"line":371,"column":6},"end":{"line":379,"column":7}},"type":"if","locations":[{"start":{"line":371,"column":6},"end":{"line":379,"column":7}},{"start":{"line":371,"column":6},"end":{"line":379,"column":7}}],"line":371},"11":{"loc":{"start":{"line":374,"column":8},"end":{"line":378,"column":9}},"type":"if","locations":[{"start":{"line":374,"column":8},"end":{"line":378,"column":9}},{"start":{"line":374,"column":8},"end":{"line":378,"column":9}}],"line":374},"12":{"loc":{"start":{"line":392,"column":6},"end":{"line":400,"column":7}},"type":"if","locations":[{"start":{"line":392,"column":6},"end":{"line":400,"column":7}},{"start":{"line":392,"column":6},"end":{"line":400,"column":7}}],"line":392},"13":{"loc":{"start":{"line":395,"column":8},"end":{"line":399,"column":9}},"type":"if","locations":[{"start":{"line":395,"column":8},"end":{"line":399,"column":9}},{"start":{"line":395,"column":8},"end":{"line":399,"column":9}}],"line":395},"14":{"loc":{"start":{"line":412,"column":6},"end":{"line":416,"column":7}},"type":"if","locations":[{"start":{"line":412,"column":6},"end":{"line":416,"column":7}},{"start":{"line":412,"column":6},"end":{"line":416,"column":7}}],"line":412},"15":{"loc":{"start":{"line":452,"column":8},"end":{"line":471,"column":9}},"type":"if","locations":[{"start":{"line":452,"column":8},"end":{"line":471,"column":9}},{"start":{"line":452,"column":8},"end":{"line":471,"column":9}}],"line":452},"16":{"loc":{"start":{"line":457,"column":14},"end":{"line":459,"column":15}},"type":"if","locations":[{"start":{"line":457,"column":14},"end":{"line":459,"column":15}},{"start":{"line":457,"column":14},"end":{"line":459,"column":15}}],"line":457},"17":{"loc":{"start":{"line":466,"column":14},"end":{"line":468,"column":15}},"type":"if","locations":[{"start":{"line":466,"column":14},"end":{"line":468,"column":15}},{"start":{"line":466,"column":14},"end":{"line":468,"column":15}}],"line":466},"18":{"loc":{"start":{"line":477,"column":35},"end":{"line":477,"column":58}},"type":"cond-expr","locations":[{"start":{"line":477,"column":50},"end":{"line":477,"column":52}},{"start":{"line":477,"column":55},"end":{"line":477,"column":58}}],"line":477},"19":{"loc":{"start":{"line":478,"column":10},"end":{"line":478,"column":33}},"type":"cond-expr","locations":[{"start":{"line":478,"column":25},"end":{"line":478,"column":27}},{"start":{"line":478,"column":30},"end":{"line":478,"column":33}}],"line":478},"20":{"loc":{"start":{"line":495,"column":10},"end":{"line":504,"column":11}},"type":"if","locations":[{"start":{"line":495,"column":10},"end":{"line":504,"column":11}},{"start":{"line":495,"column":10},"end":{"line":504,"column":11}}],"line":495},"21":{"loc":{"start":{"line":499,"column":16},"end":{"line":501,"column":17}},"type":"if","locations":[{"start":{"line":499,"column":16},"end":{"line":501,"column":17}},{"start":{"line":499,"column":16},"end":{"line":501,"column":17}}],"line":499},"22":{"loc":{"start":{"line":511,"column":8},"end":{"line":526,"column":9}},"type":"if","locations":[{"start":{"line":511,"column":8},"end":{"line":526,"column":9}},{"start":{"line":511,"column":8},"end":{"line":526,"column":9}}],"line":511},"23":{"loc":{"start":{"line":515,"column":14},"end":{"line":523,"column":15}},"type":"if","locations":[{"start":{"line":515,"column":14},"end":{"line":523,"column":15}},{"start":{"line":515,"column":14},"end":{"line":523,"column":15}}],"line":515},"24":{"loc":{"start":{"line":519,"column":20},"end":{"line":521,"column":21}},"type":"if","locations":[{"start":{"line":519,"column":20},"end":{"line":521,"column":21}},{"start":{"line":519,"column":20},"end":{"line":521,"column":21}}],"line":519},"25":{"loc":{"start":{"line":532,"column":35},"end":{"line":532,"column":58}},"type":"cond-expr","locations":[{"start":{"line":532,"column":50},"end":{"line":532,"column":52}},{"start":{"line":532,"column":55},"end":{"line":532,"column":58}}],"line":532},"26":{"loc":{"start":{"line":533,"column":8},"end":{"line":533,"column":31}},"type":"cond-expr","locations":[{"start":{"line":533,"column":23},"end":{"line":533,"column":25}},{"start":{"line":533,"column":28},"end":{"line":533,"column":31}}],"line":533}},"s":{"0":1,"1":1,"2":1,"3":1,"4":1,"5":1,"6":1,"7":1,"8":0,"9":0,"10":0,"11":0,"12":0,"13":0,"14":0,"15":0,"16":0,"17":0,"18":0,"19":0,"20":0,"21":1,"22":0,"23":0,"24":0,"25":0,"26":0,"27":0,"28":0,"29":0,"30":0,"31":0,"32":0,"33":0,"34":0,"35":0,"36":0,"37":0,"38":0,"39":0,"40":0,"41":0,"42":0,"43":0,"44":0,"45":0,"46":0,"47":0,"48":0,"49":0,"50":0,"51":0,"52":0,"53":0,"54":0,"55":0,"56":0,"57":0,"58":0,"59":0,"60":0,"61":0,"62":0,"63":0,"64":0,"65":0,"66":0,"67":0,"68":0,"69":0,"70":0,"71":0,"72":0,"73":0,"74":0,"75":0,"76":0,"77":0,"78":0,"79":0,"80":0,"81":0,"82":0,"83":1,"84":1,"85":1,"86":1,"87":0,"88":0,"89":0,"90":0,"91":0,"92":0,"93":0,"94":0,"95":0,"96":0,"97":0,"98":0,"99":0,"100":0,"101":0,"102":0,"103":0,"104":0,"105":0,"106":0,"107":0,"108":0,"109":0,"110":0,"111":0,"112":0,"113":0,"114":0,"115":0,"116":0,"117":0,"118":0,"119":0,"120":0,"121":0,"122":0,"123":0,"124":0,"125":0,"126":0,"127":0,"128":0,"129":0,"130":0,"131":0,"132":0,"133":0,"134":0,"135":0,"136":0,"137":0,"138":0,"139":0,"140":0,"141":0,"142":0,"143":0,"144":0,"145":0,"146":0,"147":0,"148":0,"149":0,"150":0,"151":0,"152":0,"153":0,"154":0,"155":0,"156":0,"157":0,"158":0,"159":0,"160":0,"161":0,"162":0,"163":0,"164":0,"165":0,"166":0,"167":0,"168":0,"169":0,"170":0,"171":0,"172":0,"173":0,"174":0,"175":0,"176":0,"177":0,"178":0,"179":0,"180":0,"181":0,"182":0,"183":0,"184":0,"185":0,"186":0,"187":0,"188":0,"189":0,"190":0,"191":0,"192":0,"193":0,"194":0,"195":0,"196":0,"197":0,"198":0,"199":0,"200":0,"201":0,"202":0,"203":1,"204":1,"205":1,"206":0,"207":0,"208":0,"209":0,"210":0,"211":0,"212":0,"213":0,"214":0,"215":0,"216":0,"217":0,"218":0,"219":0,"220":0,"221":0,"222":0,"223":0,"224":0,"225":0,"226":0,"227":0,"228":0,"229":0,"230":0,"231":0,"232":0,"233":0,"234":0,"235":0,"236":0,"237":0,"238":0,"239":0,"240":0,"241":0,"242":0,"243":0,"244":0,"245":0,"246":0,"247":0,"248":0,"249":0,"250":0},"f":{"0":1,"1":0,"2":0,"3":0,"4":0,"5":0,"6":0,"7":0,"8":0,"9":0,"10":0,"11":0,"12":0,"13":0,"14":0,"15":0,"16":0,"17":0,"18":0,"19":0,"20":0,"21":0,"22":0,"23":0,"24":1,"25":1,"26":0,"27":0,"28":0,"29":0,"30":0,"31":0,"32":0,"33":0,"34":0,"35":0,"36":0,"37":0,"38":0,"39":0,"40":0,"41":0,"42":0,"43":0,"44":0,"45":0,"46":0,"47":0,"48":0,"49":0,"50":0,"51":0,"52":0,"53":0,"54":0,"55":0,"56":0,"57":0,"58":0,"59":0,"60":0,"61":0,"62":0,"63":0,"64":0,"65":0,"66":0,"67":1,"68":1,"69":0,"70":0,"71":0,"72":0,"73":0,"74":0,"75":0,"76":0,"77":0,"78":0,"79":0,"80":0,"81":0,"82":0,"83":0,"84":0,"85":0,"86":0,"87":0,"88":0},"b":{"0":[0,1],"1":[0,0],"2":[0,0],"3":[0,0],"4":[0,0],"5":[0,0],"6":[0,0],"7":[0,0],"8":[0,0],"9":[0,0],"10":[0,0],"11":[0,0],"12":[0,0],"13":[0,0],"14":[0,0],"15":[0,0],"16":[0,0],"17":[0,0],"18":[0,0],"19":[0,0],"20":[0,0],"21":[0,0],"22":[0,0],"23":[0,0],"24":[0,0],"25":[0,0],"26":[0,0]},"_coverageSchema":"43e27e138ebf9cfc5966b082cf9a028302ed4184","hash":"4fc42c03f85e5fa2c3bdfac7d57c0c18dc318b6a"}}
,"/Users/carlossalgado/Web/vues/src/components/Admin.vue": {"path":"/Users/carlossalgado/Web/vues/src/components/Admin.vue","statementMap":{"0":{"start":{"line":16,"column":0},"end":{"line":16,"column":null}},"1":{"start":{"line":32,"column":0},"end":{"line":32,"column":null}}},"fnMap":{"0":{"name":"(anonymous_1)","decl":{"start":{"line":15,"column":0},"end":{"line":15,"column":null}},"loc":{"start":{"line":15,"column":0},"end":{"line":19,"column":null}}},"1":{"name":"(anonymous_2)","decl":{"start":{"line":31,"column":0},"end":{"line":31,"column":null}},"loc":{"start":{"line":31,"column":0},"end":{"line":33,"column":null}}}},"branchMap":{},"s":{"0":0,"1":0},"f":{"0":0,"1":0},"b":{}}
,"/Users/carlossalgado/Web/vues/src/components/Home.vue": {"path":"/Users/carlossalgado/Web/vues/src/components/Home.vue","statementMap":{"0":{"start":{"line":12,"column":0},"end":{"line":12,"column":null}},"1":{"start":{"line":13,"column":0},"end":{"line":13,"column":null}},"2":{"start":{"line":20,"column":0},"end":{"line":20,"column":null}},"3":{"start":{"line":27,"column":0},"end":{"line":27,"column":null}},"4":{"start":{"line":28,"column":0},"end":{"line":28,"column":null}}},"fnMap":{"0":{"name":"(anonymous_1)","decl":{"start":{"line":19,"column":0},"end":{"line":19,"column":null}},"loc":{"start":{"line":19,"column":0},"end":{"line":23,"column":null}}},"1":{"name":"(anonymous_2)","decl":{"start":{"line":26,"column":0},"end":{"line":26,"column":null}},"loc":{"start":{"line":26,"column":0},"end":{"line":29,"column":null}}}},"branchMap":{},"s":{"0":0,"1":0,"2":0,"3":0,"4":0},"f":{"0":0,"1":0},"b":{}}
,"/Users/carlossalgado/Web/vues/src/components/Landing.vue": {"path":"/Users/carlossalgado/Web/vues/src/components/Landing.vue","statementMap":{"0":{"start":{"line":21,"column":0},"end":{"line":21,"column":null}},"1":{"start":{"line":26,"column":0},"end":{"line":26,"column":null}},"2":{"start":{"line":34,"column":0},"end":{"line":45,"column":null}},"3":{"start":{"line":38,"column":0},"end":{"line":38,"column":null}},"4":{"start":{"line":39,"column":0},"end":{"line":39,"column":null}},"5":{"start":{"line":40,"column":0},"end":{"line":40,"column":null}},"6":{"start":{"line":41,"column":0},"end":{"line":41,"column":null}},"7":{"start":{"line":44,"column":0},"end":{"line":44,"column":null}},"8":{"start":{"line":48,"column":0},"end":{"line":48,"column":null}},"9":{"start":{"line":51,"column":0},"end":{"line":51,"column":null}}},"fnMap":{"0":{"name":"(anonymous_1)","decl":{"start":{"line":25,"column":0},"end":{"line":25,"column":null}},"loc":{"start":{"line":25,"column":0},"end":{"line":30,"column":null}}},"1":{"name":"(anonymous_2)","decl":{"start":{"line":31,"column":0},"end":{"line":31,"column":null}},"loc":{"start":{"line":31,"column":0},"end":{"line":31,"column":null}}},"2":{"name":"(anonymous_3)","decl":{"start":{"line":33,"column":0},"end":{"line":33,"column":null}},"loc":{"start":{"line":33,"column":0},"end":{"line":46,"column":null}}},"3":{"name":"(anonymous_4)","decl":{"start":{"line":34,"column":0},"end":{"line":34,"column":null}},"loc":{"start":{"line":34,"column":0},"end":{"line":42,"column":null}}},"4":{"name":"(anonymous_5)","decl":{"start":{"line":42,"column":0},"end":{"line":42,"column":null}},"loc":{"start":{"line":42,"column":0},"end":{"line":45,"column":null}}},"5":{"name":"(anonymous_6)","decl":{"start":{"line":47,"column":0},"end":{"line":47,"column":null}},"loc":{"start":{"line":47,"column":0},"end":{"line":49,"column":null}}},"6":{"name":"(anonymous_7)","decl":{"start":{"line":50,"column":0},"end":{"line":50,"column":null}},"loc":{"start":{"line":50,"column":0},"end":{"line":52,"column":null}}}},"branchMap":{},"s":{"0":0,"1":0,"2":0,"3":0,"4":0,"5":0,"6":0,"7":0,"8":0,"9":0},"f":{"0":0,"1":0,"2":0,"3":0,"4":0,"5":0,"6":0},"b":{}}
,"/Users/carlossalgado/Web/vues/src/components/Navigation.vue": {"path":"/Users/carlossalgado/Web/vues/src/components/Navigation.vue","statementMap":{"0":{"start":{"line":114,"column":0},"end":{"line":114,"column":null}},"1":{"start":{"line":118,"column":0},"end":{"line":118,"column":null}},"2":{"start":{"line":124,"column":0},"end":{"line":124,"column":null}},"3":{"start":{"line":129,"column":0},"end":{"line":129,"column":null}},"4":{"start":{"line":130,"column":0},"end":{"line":134,"column":null}},"5":{"start":{"line":131,"column":0},"end":{"line":131,"column":null}},"6":{"start":{"line":133,"column":0},"end":{"line":133,"column":null}},"7":{"start":{"line":140,"column":0},"end":{"line":140,"column":null}}},"fnMap":{"0":{"name":"(anonymous_1)","decl":{"start":{"line":117,"column":0},"end":{"line":117,"column":null}},"loc":{"start":{"line":117,"column":0},"end":{"line":121,"column":null}}},"1":{"name":"(anonymous_2)","decl":{"start":{"line":123,"column":0},"end":{"line":123,"column":null}},"loc":{"start":{"line":123,"column":0},"end":{"line":125,"column":null}}},"2":{"name":"(anonymous_3)","decl":{"start":{"line":128,"column":0},"end":{"line":128,"column":null}},"loc":{"start":{"line":128,"column":0},"end":{"line":135,"column":null}}},"3":{"name":"(anonymous_4)","decl":{"start":{"line":139,"column":0},"end":{"line":139,"column":null}},"loc":{"start":{"line":139,"column":0},"end":{"line":141,"column":null}}}},"branchMap":{"0":{"loc":{"start":{"line":130,"column":0},"end":{"line":134,"column":null}},"type":"if","locations":[{"start":{"line":130,"column":0},"end":{"line":134,"column":null}},{"start":{"line":130,"column":0},"end":{"line":134,"column":null}}]}},"s":{"0":0,"1":0,"2":0,"3":0,"4":0,"5":0,"6":0,"7":0},"f":{"0":0,"1":0,"2":0,"3":0},"b":{"0":[0,0]}}
,"/Users/carlossalgado/Web/vues/src/components/inputs/InputBasic.vue": {"path":"/Users/carlossalgado/Web/vues/src/components/inputs/InputBasic.vue","statementMap":{"0":{"start":{"line":21,"column":0},"end":{"line":21,"column":null}}},"fnMap":{"0":{"name":"(anonymous_1)","decl":{"start":{"line":20,"column":0},"end":{"line":20,"column":null}},"loc":{"start":{"line":20,"column":0},"end":{"line":22,"column":null}}}},"branchMap":{},"s":{"0":0},"f":{"0":0},"b":{}}
,"/Users/carlossalgado/Web/vues/src/components/inputs/InputDynamic.vue": {"path":"/Users/carlossalgado/Web/vues/src/components/inputs/InputDynamic.vue","statementMap":{"0":{"start":{"line":55,"column":0},"end":{"line":55,"column":null}},"1":{"start":{"line":70,"column":0},"end":{"line":70,"column":null}},"2":{"start":{"line":82,"column":0},"end":{"line":82,"column":null}},"3":{"start":{"line":89,"column":0},"end":{"line":89,"column":null}},"4":{"start":{"line":90,"column":0},"end":{"line":90,"column":null}},"5":{"start":{"line":91,"column":0},"end":{"line":91,"column":null}},"6":{"start":{"line":92,"column":0},"end":{"line":92,"column":null}},"7":{"start":{"line":96,"column":0},"end":{"line":96,"column":null}},"8":{"start":{"line":97,"column":0},"end":{"line":97,"column":null}},"9":{"start":{"line":98,"column":0},"end":{"line":98,"column":null}},"10":{"start":{"line":99,"column":0},"end":{"line":107,"column":null}},"11":{"start":{"line":100,"column":0},"end":{"line":100,"column":null}},"12":{"start":{"line":101,"column":0},"end":{"line":107,"column":null}},"13":{"start":{"line":102,"column":0},"end":{"line":102,"column":null}},"14":{"start":{"line":103,"column":0},"end":{"line":107,"column":null}},"15":{"start":{"line":104,"column":0},"end":{"line":104,"column":null}},"16":{"start":{"line":105,"column":0},"end":{"line":107,"column":null}},"17":{"start":{"line":106,"column":0},"end":{"line":106,"column":null}},"18":{"start":{"line":108,"column":0},"end":{"line":116,"column":null}},"19":{"start":{"line":109,"column":0},"end":{"line":115,"column":null}},"20":{"start":{"line":110,"column":0},"end":{"line":114,"column":null}},"21":{"start":{"line":111,"column":0},"end":{"line":111,"column":null}},"22":{"start":{"line":112,"column":0},"end":{"line":112,"column":null}},"23":{"start":{"line":113,"column":0},"end":{"line":113,"column":null}},"24":{"start":{"line":117,"column":0},"end":{"line":117,"column":null}},"25":{"start":{"line":118,"column":0},"end":{"line":118,"column":null}},"26":{"start":{"line":119,"column":0},"end":{"line":119,"column":null}},"27":{"start":{"line":122,"column":0},"end":{"line":122,"column":null}},"28":{"start":{"line":123,"column":0},"end":{"line":123,"column":null}}},"fnMap":{"0":{"name":"(anonymous_1)","decl":{"start":{"line":69,"column":0},"end":{"line":69,"column":null}},"loc":{"start":{"line":69,"column":0},"end":{"line":79,"column":null}}},"1":{"name":"(anonymous_2)","decl":{"start":{"line":81,"column":0},"end":{"line":81,"column":null}},"loc":{"start":{"line":81,"column":0},"end":{"line":83,"column":null}}},"2":{"name":"(anonymous_3)","decl":{"start":{"line":86,"column":0},"end":{"line":86,"column":null}},"loc":{"start":{"line":86,"column":0},"end":{"line":86,"column":null}}},"3":{"name":"(anonymous_4)","decl":{"start":{"line":88,"column":0},"end":{"line":88,"column":null}},"loc":{"start":{"line":88,"column":0},"end":{"line":93,"column":null}}},"4":{"name":"(anonymous_5)","decl":{"start":{"line":95,"column":0},"end":{"line":95,"column":null}},"loc":{"start":{"line":95,"column":0},"end":{"line":120,"column":null}}},"5":{"name":"(anonymous_6)","decl":{"start":{"line":109,"column":0},"end":{"line":109,"column":null}},"loc":{"start":{"line":109,"column":0},"end":{"line":115,"column":null}}},"6":{"name":"(anonymous_7)","decl":{"start":{"line":121,"column":0},"end":{"line":121,"column":null}},"loc":{"start":{"line":121,"column":0},"end":{"line":124,"column":null}}}},"branchMap":{"0":{"loc":{"start":{"line":99,"column":0},"end":{"line":107,"column":null}},"type":"if","locations":[{"start":{"line":99,"column":0},"end":{"line":107,"column":null}},{"start":{"line":99,"column":0},"end":{"line":107,"column":null}}]},"1":{"loc":{"start":{"line":101,"column":0},"end":{"line":107,"column":null}},"type":"if","locations":[{"start":{"line":101,"column":0},"end":{"line":107,"column":null}},{"start":{"line":101,"column":0},"end":{"line":107,"column":null}}]},"2":{"loc":{"start":{"line":103,"column":0},"end":{"line":107,"column":null}},"type":"if","locations":[{"start":{"line":103,"column":0},"end":{"line":107,"column":null}},{"start":{"line":103,"column":0},"end":{"line":107,"column":null}}]},"3":{"loc":{"start":{"line":103,"column":0},"end":{"line":103,"column":null}},"type":"binary-expr","locations":[{"start":{"line":103,"column":0},"end":{"line":103,"column":null}},{"start":{"line":103,"column":0},"end":{"line":103,"column":null}}]},"4":{"loc":{"start":{"line":105,"column":0},"end":{"line":107,"column":null}},"type":"if","locations":[{"start":{"line":105,"column":0},"end":{"line":107,"column":null}},{"start":{"line":105,"column":0},"end":{"line":107,"column":null}}]},"5":{"loc":{"start":{"line":105,"column":0},"end":{"line":105,"column":null}},"type":"binary-expr","locations":[{"start":{"line":105,"column":0},"end":{"line":105,"column":null}},{"start":{"line":105,"column":0},"end":{"line":105,"column":null}}]},"6":{"loc":{"start":{"line":108,"column":0},"end":{"line":116,"column":null}},"type":"if","locations":[{"start":{"line":108,"column":0},"end":{"line":116,"column":null}},{"start":{"line":108,"column":0},"end":{"line":116,"column":null}}]},"7":{"loc":{"start":{"line":110,"column":0},"end":{"line":114,"column":null}},"type":"if","locations":[{"start":{"line":110,"column":0},"end":{"line":114,"column":null}},{"start":{"line":110,"column":0},"end":{"line":114,"column":null}}]}},"s":{"0":0,"1":0,"2":0,"3":0,"4":0,"5":0,"6":0,"7":0,"8":0,"9":0,"10":0,"11":0,"12":0,"13":0,"14":0,"15":0,"16":0,"17":0,"18":0,"19":0,"20":0,"21":0,"22":0,"23":0,"24":0,"25":0,"26":0,"27":0,"28":0},"f":{"0":0,"1":0,"2":0,"3":0,"4":0,"5":0,"6":0},"b":{"0":[0,0],"1":[0,0],"2":[0,0],"3":[0,0],"4":[0,0],"5":[0,0],"6":[0,0],"7":[0,0]}}
,"/Users/carlossalgado/Web/vues/src/components/inputs/InputSelect.vue": {"path":"/Users/carlossalgado/Web/vues/src/components/inputs/InputSelect.vue","statementMap":{"0":{"start":{"line":42,"column":0},"end":{"line":42,"column":null}},"1":{"start":{"line":48,"column":0},"end":{"line":48,"column":null}}},"fnMap":{"0":{"name":"(anonymous_1)","decl":{"start":{"line":41,"column":0},"end":{"line":41,"column":null}},"loc":{"start":{"line":41,"column":0},"end":{"line":45,"column":null}}},"1":{"name":"(anonymous_2)","decl":{"start":{"line":47,"column":0},"end":{"line":47,"column":null}},"loc":{"start":{"line":47,"column":0},"end":{"line":49,"column":null}}}},"branchMap":{},"s":{"0":0,"1":0},"f":{"0":0,"1":0},"b":{}}
,"/Users/carlossalgado/Web/vues/src/components/pages/Console.vue": {"path":"/Users/carlossalgado/Web/vues/src/components/pages/Console.vue","statementMap":{"0":{"start":{"line":41,"column":0},"end":{"line":41,"column":null}}},"fnMap":{"0":{"name":"(anonymous_1)","decl":{"start":{"line":40,"column":0},"end":{"line":40,"column":null}},"loc":{"start":{"line":40,"column":0},"end":{"line":44,"column":null}}}},"branchMap":{},"s":{"0":0},"f":{"0":0},"b":{}}
,"/Users/carlossalgado/Web/vues/src/components/pages/create/CreateClient.vue": {"path":"/Users/carlossalgado/Web/vues/src/components/pages/create/CreateClient.vue","statementMap":{"0":{"start":{"line":23,"column":0},"end":{"line":23,"column":null}},"1":{"start":{"line":24,"column":0},"end":{"line":24,"column":null}},"2":{"start":{"line":25,"column":0},"end":{"line":25,"column":null}},"3":{"start":{"line":26,"column":0},"end":{"line":26,"column":null}},"4":{"start":{"line":27,"column":0},"end":{"line":27,"column":null}},"5":{"start":{"line":34,"column":0},"end":{"line":34,"column":null}},"6":{"start":{"line":35,"column":0},"end":{"line":35,"column":null}},"7":{"start":{"line":43,"column":0},"end":{"line":43,"column":null}},"8":{"start":{"line":47,"column":0},"end":{"line":47,"column":null}},"9":{"start":{"line":78,"column":0},"end":{"line":101,"column":null}},"10":{"start":{"line":81,"column":0},"end":{"line":81,"column":null}},"11":{"start":{"line":82,"column":0},"end":{"line":82,"column":null}},"12":{"start":{"line":86,"column":0},"end":{"line":100,"column":null}},"13":{"start":{"line":87,"column":0},"end":{"line":99,"column":null}},"14":{"start":{"line":88,"column":0},"end":{"line":88,"column":null}},"15":{"start":{"line":89,"column":0},"end":{"line":89,"column":null}},"16":{"start":{"line":90,"column":0},"end":{"line":90,"column":null}},"17":{"start":{"line":91,"column":0},"end":{"line":91,"column":null}},"18":{"start":{"line":92,"column":0},"end":{"line":92,"column":null}},"19":{"start":{"line":93,"column":0},"end":{"line":93,"column":null}},"20":{"start":{"line":94,"column":0},"end":{"line":94,"column":null}},"21":{"start":{"line":95,"column":0},"end":{"line":95,"column":null}},"22":{"start":{"line":96,"column":0},"end":{"line":96,"column":null}},"23":{"start":{"line":97,"column":0},"end":{"line":97,"column":null}},"24":{"start":{"line":98,"column":0},"end":{"line":98,"column":null}},"25":{"start":{"line":105,"column":0},"end":{"line":105,"column":null}},"26":{"start":{"line":106,"column":0},"end":{"line":106,"column":null}},"27":{"start":{"line":107,"column":0},"end":{"line":107,"column":null}},"28":{"start":{"line":108,"column":0},"end":{"line":110,"column":null}},"29":{"start":{"line":109,"column":0},"end":{"line":109,"column":null}},"30":{"start":{"line":111,"column":0},"end":{"line":141,"column":null}},"31":{"start":{"line":112,"column":0},"end":{"line":112,"column":null}},"32":{"start":{"line":113,"column":0},"end":{"line":113,"column":null}},"33":{"start":{"line":115,"column":0},"end":{"line":140,"column":null}},"34":{"start":{"line":119,"column":0},"end":{"line":139,"column":null}},"35":{"start":{"line":120,"column":0},"end":{"line":120,"column":null}},"36":{"start":{"line":122,"column":0},"end":{"line":122,"column":null}},"37":{"start":{"line":123,"column":0},"end":{"line":138,"column":null}},"38":{"start":{"line":124,"column":0},"end":{"line":124,"column":null}},"39":{"start":{"line":125,"column":0},"end":{"line":130,"column":null}},"40":{"start":{"line":126,"column":0},"end":{"line":126,"column":null}},"41":{"start":{"line":129,"column":0},"end":{"line":129,"column":null}},"42":{"start":{"line":132,"column":0},"end":{"line":134,"column":null}},"43":{"start":{"line":133,"column":0},"end":{"line":133,"column":null}},"44":{"start":{"line":135,"column":0},"end":{"line":137,"column":null}},"45":{"start":{"line":136,"column":0},"end":{"line":136,"column":null}},"46":{"start":{"line":144,"column":0},"end":{"line":146,"column":null}},"47":{"start":{"line":145,"column":0},"end":{"line":145,"column":null}},"48":{"start":{"line":147,"column":0},"end":{"line":147,"column":null}},"49":{"start":{"line":148,"column":0},"end":{"line":148,"column":null}},"50":{"start":{"line":149,"column":0},"end":{"line":149,"column":null}},"51":{"start":{"line":150,"column":0},"end":{"line":150,"column":null}},"52":{"start":{"line":151,"column":0},"end":{"line":151,"column":null}},"53":{"start":{"line":152,"column":0},"end":{"line":152,"column":null}},"54":{"start":{"line":153,"column":0},"end":{"line":153,"column":null}},"55":{"start":{"line":154,"column":0},"end":{"line":154,"column":null}},"56":{"start":{"line":155,"column":0},"end":{"line":155,"column":null}},"57":{"start":{"line":156,"column":0},"end":{"line":158,"column":null}},"58":{"start":{"line":157,"column":0},"end":{"line":157,"column":null}}},"fnMap":{"0":{"name":"(anonymous_1)","decl":{"start":{"line":43,"column":0},"end":{"line":43,"column":null}},"loc":{"start":{"line":43,"column":0},"end":{"line":43,"column":null}}},"1":{"name":"(anonymous_2)","decl":{"start":{"line":46,"column":0},"end":{"line":46,"column":null}},"loc":{"start":{"line":46,"column":0},"end":{"line":65,"column":null}}},"2":{"name":"(anonymous_3)","decl":{"start":{"line":77,"column":0},"end":{"line":77,"column":null}},"loc":{"start":{"line":77,"column":0},"end":{"line":102,"column":null}}},"3":{"name":"(anonymous_4)","decl":{"start":{"line":78,"column":0},"end":{"line":78,"column":null}},"loc":{"start":{"line":78,"column":0},"end":{"line":83,"column":null}}},"4":{"name":"(anonymous_5)","decl":{"start":{"line":83,"column":0},"end":{"line":83,"column":null}},"loc":{"start":{"line":83,"column":0},"end":{"line":101,"column":null}}},"5":{"name":"(anonymous_6)","decl":{"start":{"line":87,"column":0},"end":{"line":87,"column":null}},"loc":{"start":{"line":87,"column":0},"end":{"line":99,"column":null}}},"6":{"name":"(anonymous_7)","decl":{"start":{"line":104,"column":0},"end":{"line":104,"column":null}},"loc":{"start":{"line":104,"column":0},"end":{"line":142,"column":null}}},"7":{"name":"(anonymous_8)","decl":{"start":{"line":115,"column":0},"end":{"line":115,"column":null}},"loc":{"start":{"line":115,"column":0},"end":{"line":140,"column":null}}},"8":{"name":"(anonymous_9)","decl":{"start":{"line":125,"column":0},"end":{"line":125,"column":null}},"loc":{"start":{"line":125,"column":0},"end":{"line":130,"column":null}}},"9":{"name":"(anonymous_10)","decl":{"start":{"line":132,"column":0},"end":{"line":132,"column":null}},"loc":{"start":{"line":132,"column":0},"end":{"line":134,"column":null}}},"10":{"name":"(anonymous_11)","decl":{"start":{"line":143,"column":0},"end":{"line":143,"column":null}},"loc":{"start":{"line":143,"column":0},"end":{"line":159,"column":null}}},"11":{"name":"(anonymous_12)","decl":{"start":{"line":156,"column":0},"end":{"line":156,"column":null}},"loc":{"start":{"line":156,"column":0},"end":{"line":158,"column":null}}}},"branchMap":{"0":{"loc":{"start":{"line":86,"column":0},"end":{"line":100,"column":null}},"type":"if","locations":[{"start":{"line":86,"column":0},"end":{"line":100,"column":null}},{"start":{"line":86,"column":0},"end":{"line":100,"column":null}}]},"1":{"loc":{"start":{"line":88,"column":0},"end":{"line":88,"column":null}},"type":"binary-expr","locations":[{"start":{"line":88,"column":0},"end":{"line":88,"column":null}},{"start":{"line":88,"column":0},"end":{"line":88,"column":null}}]},"2":{"loc":{"start":{"line":89,"column":0},"end":{"line":89,"column":null}},"type":"binary-expr","locations":[{"start":{"line":89,"column":0},"end":{"line":89,"column":null}},{"start":{"line":89,"column":0},"end":{"line":89,"column":null}}]},"3":{"loc":{"start":{"line":90,"column":0},"end":{"line":90,"column":null}},"type":"binary-expr","locations":[{"start":{"line":90,"column":0},"end":{"line":90,"column":null}},{"start":{"line":90,"column":0},"end":{"line":90,"column":null}}]},"4":{"loc":{"start":{"line":91,"column":0},"end":{"line":91,"column":null}},"type":"binary-expr","locations":[{"start":{"line":91,"column":0},"end":{"line":91,"column":null}},{"start":{"line":91,"column":0},"end":{"line":91,"column":null}}]},"5":{"loc":{"start":{"line":93,"column":0},"end":{"line":93,"column":null}},"type":"binary-expr","locations":[{"start":{"line":93,"column":0},"end":{"line":93,"column":null}},{"start":{"line":93,"column":0},"end":{"line":93,"column":null}}]},"6":{"loc":{"start":{"line":95,"column":0},"end":{"line":95,"column":null}},"type":"binary-expr","locations":[{"start":{"line":95,"column":0},"end":{"line":95,"column":null}},{"start":{"line":95,"column":0},"end":{"line":95,"column":null}}]},"7":{"loc":{"start":{"line":96,"column":0},"end":{"line":96,"column":null}},"type":"binary-expr","locations":[{"start":{"line":96,"column":0},"end":{"line":96,"column":null}},{"start":{"line":96,"column":0},"end":{"line":96,"column":null}}]},"8":{"loc":{"start":{"line":97,"column":0},"end":{"line":97,"column":null}},"type":"binary-expr","locations":[{"start":{"line":97,"column":0},"end":{"line":97,"column":null}},{"start":{"line":97,"column":0},"end":{"line":97,"column":null}}]},"9":{"loc":{"start":{"line":98,"column":0},"end":{"line":98,"column":null}},"type":"binary-expr","locations":[{"start":{"line":98,"column":0},"end":{"line":98,"column":null}},{"start":{"line":98,"column":0},"end":{"line":98,"column":null}}]},"10":{"loc":{"start":{"line":108,"column":0},"end":{"line":110,"column":null}},"type":"if","locations":[{"start":{"line":108,"column":0},"end":{"line":110,"column":null}},{"start":{"line":108,"column":0},"end":{"line":110,"column":null}}]},"11":{"loc":{"start":{"line":111,"column":0},"end":{"line":141,"column":null}},"type":"if","locations":[{"start":{"line":111,"column":0},"end":{"line":141,"column":null}},{"start":{"line":111,"column":0},"end":{"line":141,"column":null}}]},"12":{"loc":{"start":{"line":119,"column":0},"end":{"line":139,"column":null}},"type":"if","locations":[{"start":{"line":119,"column":0},"end":{"line":139,"column":null}},{"start":{"line":119,"column":0},"end":{"line":139,"column":null}}]},"13":{"loc":{"start":{"line":123,"column":0},"end":{"line":138,"column":null}},"type":"if","locations":[{"start":{"line":123,"column":0},"end":{"line":138,"column":null}},{"start":{"line":123,"column":0},"end":{"line":138,"column":null}}]},"14":{"loc":{"start":{"line":135,"column":0},"end":{"line":137,"column":null}},"type":"if","locations":[{"start":{"line":135,"column":0},"end":{"line":137,"column":null}},{"start":{"line":135,"column":0},"end":{"line":137,"column":null}}]},"15":{"loc":{"start":{"line":144,"column":0},"end":{"line":146,"column":null}},"type":"if","locations":[{"start":{"line":144,"column":0},"end":{"line":146,"column":null}},{"start":{"line":144,"column":0},"end":{"line":146,"column":null}}]}},"s":{"0":0,"1":0,"2":0,"3":0,"4":0,"5":0,"6":0,"7":0,"8":0,"9":0,"10":0,"11":0,"12":0,"13":0,"14":0,"15":0,"16":0,"17":0,"18":0,"19":0,"20":0,"21":0,"22":0,"23":0,"24":0,"25":0,"26":0,"27":0,"28":0,"29":0,"30":0,"31":0,"32":0,"33":0,"34":0,"35":0,"36":0,"37":0,"38":0,"39":0,"40":0,"41":0,"42":0,"43":0,"44":0,"45":0,"46":0,"47":0,"48":0,"49":0,"50":0,"51":0,"52":0,"53":0,"54":0,"55":0,"56":0,"57":0,"58":0},"f":{"0":0,"1":0,"2":0,"3":0,"4":0,"5":0,"6":0,"7":0,"8":0,"9":0,"10":0,"11":0},"b":{"0":[0,0],"1":[0,0],"2":[0,0],"3":[0,0],"4":[0,0],"5":[0,0],"6":[0,0],"7":[0,0],"8":[0,0],"9":[0,0],"10":[0,0],"11":[0,0],"12":[0,0],"13":[0,0],"14":[0,0],"15":[0,0]}}
,"/Users/carlossalgado/Web/vues/src/components/pages/create/CreateExpense.vue": {"path":"/Users/carlossalgado/Web/vues/src/components/pages/create/CreateExpense.vue","statementMap":{"0":{"start":{"line":46,"column":0},"end":{"line":46,"column":null}},"1":{"start":{"line":47,"column":0},"end":{"line":47,"column":null}},"2":{"start":{"line":48,"column":0},"end":{"line":48,"column":null}},"3":{"start":{"line":49,"column":0},"end":{"line":49,"column":null}},"4":{"start":{"line":50,"column":0},"end":{"line":50,"column":null}},"5":{"start":{"line":51,"column":0},"end":{"line":51,"column":null}},"6":{"start":{"line":52,"column":0},"end":{"line":52,"column":null}},"7":{"start":{"line":58,"column":0},"end":{"line":58,"column":null}},"8":{"start":{"line":59,"column":0},"end":{"line":59,"column":null}},"9":{"start":{"line":67,"column":0},"end":{"line":67,"column":null}},"10":{"start":{"line":71,"column":0},"end":{"line":71,"column":null}},"11":{"start":{"line":109,"column":0},"end":{"line":109,"column":null}},"12":{"start":{"line":112,"column":0},"end":{"line":112,"column":null}},"13":{"start":{"line":117,"column":0},"end":{"line":117,"column":null}},"14":{"start":{"line":118,"column":0},"end":{"line":137,"column":null}},"15":{"start":{"line":122,"column":0},"end":{"line":122,"column":null}},"16":{"start":{"line":123,"column":0},"end":{"line":136,"column":null}},"17":{"start":{"line":124,"column":0},"end":{"line":124,"column":null}},"18":{"start":{"line":125,"column":0},"end":{"line":125,"column":null}},"19":{"start":{"line":126,"column":0},"end":{"line":135,"column":null}},"20":{"start":{"line":126,"column":0},"end":{"line":126,"column":null}},"21":{"start":{"line":127,"column":0},"end":{"line":127,"column":null}},"22":{"start":{"line":141,"column":0},"end":{"line":175,"column":null}},"23":{"start":{"line":143,"column":0},"end":{"line":143,"column":null}},"24":{"start":{"line":144,"column":0},"end":{"line":144,"column":null}},"25":{"start":{"line":148,"column":0},"end":{"line":148,"column":null}},"26":{"start":{"line":149,"column":0},"end":{"line":149,"column":null}},"27":{"start":{"line":153,"column":0},"end":{"line":174,"column":null}},"28":{"start":{"line":154,"column":0},"end":{"line":154,"column":null}},"29":{"start":{"line":155,"column":0},"end":{"line":171,"column":null}},"30":{"start":{"line":156,"column":0},"end":{"line":156,"column":null}},"31":{"start":{"line":157,"column":0},"end":{"line":157,"column":null}},"32":{"start":{"line":158,"column":0},"end":{"line":158,"column":null}},"33":{"start":{"line":159,"column":0},"end":{"line":159,"column":null}},"34":{"start":{"line":160,"column":0},"end":{"line":160,"column":null}},"35":{"start":{"line":161,"column":0},"end":{"line":170,"column":null}},"36":{"start":{"line":161,"column":0},"end":{"line":161,"column":null}},"37":{"start":{"line":162,"column":0},"end":{"line":162,"column":null}},"38":{"start":{"line":173,"column":0},"end":{"line":173,"column":null}},"39":{"start":{"line":179,"column":0},"end":{"line":181,"column":null}},"40":{"start":{"line":180,"column":0},"end":{"line":180,"column":null}},"41":{"start":{"line":182,"column":0},"end":{"line":182,"column":null}},"42":{"start":{"line":198,"column":0},"end":{"line":198,"column":null}},"43":{"start":{"line":199,"column":0},"end":{"line":201,"column":null}},"44":{"start":{"line":200,"column":0},"end":{"line":200,"column":null}}},"fnMap":{"0":{"name":"(anonymous_1)","decl":{"start":{"line":67,"column":0},"end":{"line":67,"column":null}},"loc":{"start":{"line":67,"column":0},"end":{"line":67,"column":null}}},"1":{"name":"(anonymous_2)","decl":{"start":{"line":70,"column":0},"end":{"line":70,"column":null}},"loc":{"start":{"line":70,"column":0},"end":{"line":94,"column":null}}},"2":{"name":"(anonymous_3)","decl":{"start":{"line":108,"column":0},"end":{"line":108,"column":null}},"loc":{"start":{"line":108,"column":0},"end":{"line":110,"column":null}}},"3":{"name":"(anonymous_4)","decl":{"start":{"line":111,"column":0},"end":{"line":111,"column":null}},"loc":{"start":{"line":111,"column":0},"end":{"line":113,"column":null}}},"4":{"name":"(anonymous_5)","decl":{"start":{"line":116,"column":0},"end":{"line":116,"column":null}},"loc":{"start":{"line":116,"column":0},"end":{"line":138,"column":null}}},"5":{"name":"(anonymous_6)","decl":{"start":{"line":123,"column":0},"end":{"line":123,"column":null}},"loc":{"start":{"line":123,"column":0},"end":{"line":136,"column":null}}},"6":{"name":"(anonymous_7)","decl":{"start":{"line":140,"column":0},"end":{"line":140,"column":null}},"loc":{"start":{"line":140,"column":0},"end":{"line":176,"column":null}}},"7":{"name":"(anonymous_8)","decl":{"start":{"line":141,"column":0},"end":{"line":141,"column":null}},"loc":{"start":{"line":141,"column":0},"end":{"line":145,"column":null}}},"8":{"name":"(anonymous_9)","decl":{"start":{"line":145,"column":0},"end":{"line":145,"column":null}},"loc":{"start":{"line":145,"column":0},"end":{"line":150,"column":null}}},"9":{"name":"(anonymous_10)","decl":{"start":{"line":150,"column":0},"end":{"line":150,"column":null}},"loc":{"start":{"line":150,"column":0},"end":{"line":175,"column":null}}},"10":{"name":"(anonymous_11)","decl":{"start":{"line":155,"column":0},"end":{"line":155,"column":null}},"loc":{"start":{"line":155,"column":0},"end":{"line":171,"column":null}}},"11":{"name":"(anonymous_12)","decl":{"start":{"line":178,"column":0},"end":{"line":178,"column":null}},"loc":{"start":{"line":178,"column":0},"end":{"line":202,"column":null}}},"12":{"name":"(anonymous_13)","decl":{"start":{"line":199,"column":0},"end":{"line":199,"column":null}},"loc":{"start":{"line":199,"column":0},"end":{"line":201,"column":null}}}},"branchMap":{"0":{"loc":{"start":{"line":118,"column":0},"end":{"line":137,"column":null}},"type":"if","locations":[{"start":{"line":118,"column":0},"end":{"line":137,"column":null}},{"start":{"line":118,"column":0},"end":{"line":137,"column":null}}]},"1":{"loc":{"start":{"line":118,"column":0},"end":{"line":118,"column":null}},"type":"binary-expr","locations":[{"start":{"line":118,"column":0},"end":{"line":118,"column":null}},{"start":{"line":118,"column":0},"end":{"line":118,"column":null}}]},"2":{"loc":{"start":{"line":153,"column":0},"end":{"line":174,"column":null}},"type":"if","locations":[{"start":{"line":153,"column":0},"end":{"line":174,"column":null}},{"start":{"line":153,"column":0},"end":{"line":174,"column":null}}]},"3":{"loc":{"start":{"line":179,"column":0},"end":{"line":181,"column":null}},"type":"if","locations":[{"start":{"line":179,"column":0},"end":{"line":181,"column":null}},{"start":{"line":179,"column":0},"end":{"line":181,"column":null}}]}},"s":{"0":0,"1":0,"2":0,"3":0,"4":0,"5":0,"6":0,"7":0,"8":0,"9":0,"10":0,"11":0,"12":0,"13":0,"14":0,"15":0,"16":0,"17":0,"18":0,"19":0,"20":0,"21":0,"22":0,"23":0,"24":0,"25":0,"26":0,"27":0,"28":0,"29":0,"30":0,"31":0,"32":0,"33":0,"34":0,"35":0,"36":0,"37":0,"38":0,"39":0,"40":0,"41":0,"42":0,"43":0,"44":0},"f":{"0":0,"1":0,"2":0,"3":0,"4":0,"5":0,"6":0,"7":0,"8":0,"9":0,"10":0,"11":0,"12":0},"b":{"0":[0,0],"1":[0,0],"2":[0,0],"3":[0,0]}}
,"/Users/carlossalgado/Web/vues/src/components/pages/create/CreateOrder.vue": {"path":"/Users/carlossalgado/Web/vues/src/components/pages/create/CreateOrder.vue","statementMap":{"0":{"start":{"line":69,"column":0},"end":{"line":69,"column":null}},"1":{"start":{"line":70,"column":0},"end":{"line":70,"column":null}},"2":{"start":{"line":71,"column":0},"end":{"line":71,"column":null}},"3":{"start":{"line":72,"column":0},"end":{"line":72,"column":null}},"4":{"start":{"line":73,"column":0},"end":{"line":73,"column":null}},"5":{"start":{"line":74,"column":0},"end":{"line":74,"column":null}},"6":{"start":{"line":75,"column":0},"end":{"line":75,"column":null}},"7":{"start":{"line":81,"column":0},"end":{"line":81,"column":null}},"8":{"start":{"line":82,"column":0},"end":{"line":82,"column":null}},"9":{"start":{"line":90,"column":0},"end":{"line":90,"column":null}},"10":{"start":{"line":94,"column":0},"end":{"line":94,"column":null}},"11":{"start":{"line":146,"column":0},"end":{"line":146,"column":null}},"12":{"start":{"line":149,"column":0},"end":{"line":149,"column":null}},"13":{"start":{"line":154,"column":0},"end":{"line":170,"column":null}},"14":{"start":{"line":155,"column":0},"end":{"line":155,"column":null}},"15":{"start":{"line":156,"column":0},"end":{"line":169,"column":null}},"16":{"start":{"line":157,"column":0},"end":{"line":157,"column":null}},"17":{"start":{"line":158,"column":0},"end":{"line":158,"column":null}},"18":{"start":{"line":159,"column":0},"end":{"line":168,"column":null}},"19":{"start":{"line":159,"column":0},"end":{"line":159,"column":null}},"20":{"start":{"line":160,"column":0},"end":{"line":160,"column":null}},"21":{"start":{"line":173,"column":0},"end":{"line":173,"column":null}},"22":{"start":{"line":177,"column":0},"end":{"line":218,"column":null}},"23":{"start":{"line":179,"column":0},"end":{"line":179,"column":null}},"24":{"start":{"line":180,"column":0},"end":{"line":180,"column":null}},"25":{"start":{"line":181,"column":0},"end":{"line":181,"column":null}},"26":{"start":{"line":184,"column":0},"end":{"line":184,"column":null}},"27":{"start":{"line":185,"column":0},"end":{"line":185,"column":null}},"28":{"start":{"line":188,"column":0},"end":{"line":217,"column":null}},"29":{"start":{"line":189,"column":0},"end":{"line":189,"column":null}},"30":{"start":{"line":190,"column":0},"end":{"line":209,"column":null}},"31":{"start":{"line":191,"column":0},"end":{"line":191,"column":null}},"32":{"start":{"line":192,"column":0},"end":{"line":192,"column":null}},"33":{"start":{"line":193,"column":0},"end":{"line":193,"column":null}},"34":{"start":{"line":194,"column":0},"end":{"line":194,"column":null}},"35":{"start":{"line":195,"column":0},"end":{"line":195,"column":null}},"36":{"start":{"line":196,"column":0},"end":{"line":196,"column":null}},"37":{"start":{"line":197,"column":0},"end":{"line":197,"column":null}},"38":{"start":{"line":198,"column":0},"end":{"line":198,"column":null}},"39":{"start":{"line":199,"column":0},"end":{"line":208,"column":null}},"40":{"start":{"line":199,"column":0},"end":{"line":199,"column":null}},"41":{"start":{"line":200,"column":0},"end":{"line":200,"column":null}},"42":{"start":{"line":211,"column":0},"end":{"line":211,"column":null}},"43":{"start":{"line":214,"column":0},"end":{"line":214,"column":null}},"44":{"start":{"line":222,"column":0},"end":{"line":224,"column":null
[...]
,"/Users/carlossalgado/Web/vues/src/components/tools/ClientHistorySummary.vue": {"path":"/Users/carlossalgado/Web/vues/src/components/tools/ClientHistorySummary.vue","statementMap":{"0":{"start":{"line":12,"column":0},"end":{"line":12,"column":null}},"1":{"start":{"line":13,"column":0},"end":{"line":13,"column":null}},"2":{"start":{"line":21,"column":0},"end":{"line":21,"column":null}},"3":{"start":{"line":27,"column":0},"end":{"line":47,"column":null}},"4":{"start":{"line":28,"column":0},"end":{"line":46,"column":null}},"5":{"start":{"line":29,"column":0},"end":{"line":45,"column":null}},"6":{"start":{"line":30,"column":0},"end":{"line":30,"column":null}},"7":{"start":{"line":31,"column":0},"end":{"line":31,"column":null}},"8":{"start":{"line":32,"column":0},"end":{"line":32,"column":null}},"9":{"start":{"line":33,"column":0},"end":{"line":41,"column":null}},"10":{"start":{"line":34,"column":0},"end":{"line":34,"column":null}},"11":{"start":{"line":35,"column":0},"end":{"line":40,"column":null}},"12":{"start":{"line":36,"column":0},"end":{"line":36,"column":null}},"13":{"start":{"line":42,"column":0},"end":{"line":42,"column":null}},"14":{"start":{"line":44,"column":0},"end":{"line":44,"column":null}}},"fnMap":{"0":{"name":"(anonymous_1)","decl":{"start":{"line":20,"column":0},"end":{"line":20,"column":null}},"loc":{"start":{"line":20,"column":0},"end":{"line":25,"column":null}}},"1":{"name":"(anonymous_2)","decl":{"start":{"line":26,"column":0},"end":{"line":26,"column":null}},"loc":{"start":{"line":26,"column":0},"end":{"line":48,"column":null}}},"2":{"name":"(anonymous_3)","decl":{"start":{"line":28,"column":0},"end":{"line":28,"column":null}},"loc":{"start":{"line":28,"column":0},"end":{"line":46,"column":null}}},"3":{"name":"(anonymous_4)","decl":{"start":{"line":33,"column":0},"end":{"line":33,"column":null}},"loc":{"start":{"line":33,"column":0},"end":{"line":41,"column":null}}},"4":{"name":"(anonymous_5)","decl":{"start":{"line":35,"column":0},"end":{"line":35,"column":null}},"loc":{"start":{"line":35,"column":0},"end":{"line":40,"column":null}}}},"branchMap":{"0":{"loc":{"start":{"line":27,"column":0},"end":{"line":47,"column":null}},"type":"if","locations":[{"start":{"line":27,"column":0},"end":{"line":47,"column":null}},{"start":{"line":27,"column":0},"end":{"line":47,"column":null}}]},"1":{"loc":{"start":{"line":29,"column":0},"end":{"line":45,"column":null}},"type":"if","locations":[{"start":{"line":29,"column":0},"end":{"line":45,"column":null}},{"start":{"line":29,"column":0},"end":{"line":45,"column":null}}]}},"s":{"0":0,"1":0,"2":0,"3":0,"4":0,"5":0,"6":0,"7":0,"8":0,"9":0,"10":0,"11":0,"12":0,"13":0,"14":0},"f":{"0":0,"1":0,"2":0,"3":0,"4":0},"b":{"0":[0,0],"1":[0,0]}}
,"/Users/carlossalgado/Web/vues/src/components/tools/ClientSnippet.vue": {"path":"/Users/carlossalgado/Web/vues/src/components/tools/ClientSnippet.vue","statementMap":{"0":{"start":{"line":11,"column":0},"end":{"line":11,"column":null}},"1":{"start":{"line":12,"column":0},"end":{"line":12,"column":null}},"2":{"start":{"line":19,"column":0},"end":{"line":19,"column":null}},"3":{"start":{"line":27,"column":0},"end":{"line":38,"column":null}},"4":{"start":{"line":28,"column":0},"end":{"line":37,"column":null}},"5":{"start":{"line":29,"column":0},"end":{"line":31,"column":null}},"6":{"start":{"line":30,"column":0},"end":{"line":30,"column":null}},"7":{"start":{"line":32,"column":0},"end":{"line":32,"column":null}},"8":{"start":{"line":33,"column":0},"end":{"line":33,"column":null}},"9":{"start":{"line":34,"column":0},"end":{"line":34,"column":null}},"10":{"start":{"line":35,"column":0},"end":{"line":35,"column":null}},"11":{"start":{"line":36,"column":0},"end":{"line":36,"column":null}}},"fnMap":{"0":{"name":"(anonymous_1)","decl":{"start":{"line":18,"column":0},"end":{"line":18,"column":null}},"loc":{"start":{"line":18,"column":0},"end":{"line":25,"column":null}}},"1":{"name":"(anonymous_2)","decl":{"start":{"line":26,"column":0},"end":{"line":26,"column":null}},"loc":{"start":{"line":26,"column":0},"end":{"line":39,"column":null}}},"2":{"name":"(anonymous_3)","decl":{"start":{"line":27,"column":0},"end":{"line":27,"column":null}},"loc":{"start":{"line":27,"column":0},"end":{"line":38,"column":null}}},"3":{"name":"(anonymous_4)","decl":{"start":{"line":28,"column":0},"end":{"line":28,"column":null}},"loc":{"start":{"line":28,"column":0},"end":{"line":37,"column":null}}}},"branchMap":{"0":{"loc":{"start":{"line":29,"column":0},"end":{"line":31,"column":null}},"type":"if","locations":[{"start":{"line":29,"column":0},"end":{"line":31,"column":null}},{"start":{"line":29,"column":0},"end":{"line":31,"column":null}}]}},"s":{"0":0,"1":0,"2":0,"3":0,"4":0,"5":0,"6":0,"7":0,"8":0,"9":0,"10":0,"11":0},"f":{"0":0,"1":0,"2":0,"3":0},"b":{"0":[0,0]}}
,"/Users/carlossalgado/Web/vues/src/components/tools/OrdersByDay.vue": {"path":"/Users/carlossalgado/Web/vues/src/components/tools/OrdersByDay.vue","statementMap":{"0":{"start":{"line":18,"column":0},"end":{"line":18,"column":null}},"1":{"start":{"line":19,"column":0},"end":{"line":19,"column":null}},"2":{"start":{"line":26,"column":0},"end":{"line":26,"column":null}},"3":{"start":{"line":32,"column":0},"end":{"line":32,"column":null}},"4":{"start":{"line":33,"column":0},"end":{"line":33,"column":null}},"5":{"start":{"line":34,"column":0},"end":{"line":55,"column":null}},"6":{"start":{"line":36,"column":0},"end":{"line":36,"column":null}},"7":{"start":{"line":37,"column":0},"end":{"line":42,"column":null}},"8":{"start":{"line":38,"column":0},"end":{"line":38,"column":null}},"9":{"start":{"line":39,"column":0},"end":{"line":39,"column":null}},"10":{"start":{"line":41,"column":0},"end":{"line":41,"column":null}},"11":{"start":{"line":43,"column":0},"end":{"line":43,"column":null}},"12":{"start":{"line":44,"column":0},"end":{"line":49,"column":null}},"13":{"start":{"line":45,"column":0},"end":{"line":45,"column":null}},"14":{"start":{"line":46,"column":0},"end":{"line":46,"column":null}},"15":{"start":{"line":48,"column":0},"end":{"line":48,"column":null}},"16":{"start":{"line":50,"column":0},"end":{"line":54,"column":null}},"17":{"start":{"line":51,"column":0},"end":{"line":53,"column":null}},"18":{"start":{"line":52,"column":0},"end":{"line":52,"column":null}},"19":{"start":{"line":53,"column":0},"end":{"line":53,"column":null}},"20":{"start":{"line":56,"column":0},"end":{"line":56,"column":null}},"21":{"start":{"line":57,"column":0},"end":{"line":57,"column":null}},"22":{"start":{"line":58,"column":0},"end":{"line":66,"column":null}},"23":{"start":{"line":59,"column":0},"end":{"line":59,"column":null}},"24":{"start":{"line":60,"column":0},"end":{"line":65,"column":null}},"25":{"start":{"line":61,"column":0},"end":{"line":61,"column":null}},"26":{"start":{"line":67,"column":0},"end":{"line":67,"column":null}},"27":{"start":{"line":68,"column":0},"end":{"line":68,"column":null}},"28":{"start":{"line":73,"column":0},"end":{"line":73,"column":null}}},"fnMap":{"0":{"name":"(anonymous_1)","decl":{"start":{"line":25,"column":0},"end":{"line":25,"column":null}},"loc":{"start":{"line":25,"column":0},"end":{"line":29,"column":null}}},"1":{"name":"(anonymous_2)","decl":{"start":{"line":31,"column":0},"end":{"line":31,"column":null}},"loc":{"start":{"line":31,"column":0},"end":{"line":69,"column":null}}},"2":{"name":"(anonymous_3)","decl":{"start":{"line":34,"column":0},"end":{"line":34,"column":null}},"loc":{"start":{"line":34,"column":0},"end":{"line":55,"column":null}}},"3":{"name":"(anonymous_4)","decl":{"start":{"line":58,"column":0},"end":{"line":58,"column":null}},"loc":{"start":{"line":58,"column":0},"end":{"line":66,"column":null}}},"4":{"name":"(anonymous_5)","decl":{"start":{"line":72,"column":0},"end":{"line":72,"column":null}},"loc":{"start":{"line":72,"column":0},"end":{"line":74,"column":null}}},"5":{"name":"(anonymous_6)","decl":{"start":{"line":76,"column":0},"end":{"line":76,"column":null}},"loc":{"start":{"line":76,"column":0},"end":{"line":76,"column":null}}}},"branchMap":{"0":{"loc":{"start":{"line":37,"column":0},"end":{"line":42,"column":null}},"type":"if","locations":[{"start":{"line":37,"column":0},"end":{"line":42,"column":null}},{"start":{"line":37,"column":0},"end":{"line":42,"column":null}}]},"1":{"loc":{"start":{"line":44,"column":0},"end":{"line":49,"column":null}},"type":"if","locations":[{"start":{"line":44,"column":0},"end":{"line":49,"column":null}},{"start":{"line":44,"column":0},"end":{"line":49,"column":null}}]},"2":{"loc":{"start":{"line":50,"column":0},"end":{"line":54,"column":null}},"type":"if","locations":[{"start":{"line":50,"column":0},"end":{"line":54,"column":null}},{"start":{"line":50,"column":0},"end":{"line":54,"column":null}}]},"3":{"loc":{"start":{"line":51,"column":0},"end":{"line":53,"column":null}},"type":"if","locations":[{"start":{"line":51,"column":0},"end":{"line":53,"column":null}},{"start":{"line":51,"column":0},"end":{"line":53,"column":null}}]},"4":{"loc":{"start":{"line":60,"column":0},"end":{"line":65,"column":null}},"type":"if","locations":[{"start":{"line":60,"column":0},"end":{"line":65,"column":null}},{"start":{"line":60,"column":0},"end":{"line":65,"column":null}}]}},"s":{"0":0,"1":0,"2":0,"3":0,"4":0,"5":0,"6":0,"7":0,"8":0,"9":0,"10":0,"11":0,"12":0,"13":0,"14":0,"15":0,"16":0,"17":0,"18":0,"19":0,"20":0,"21":0,"22":0,"23":0,"24":0,"25":0,"26":0,"27":0,"28":0},"f":{"0":0,"1":0,"2":0,"3":0,"4":0,"5":0},"b":{"0":[0,0],"1":[0,0],"2":[0,0],"3":[0,0],"4":[0,0]}}
,"/Users/carlossalgado/Web/vues/src/components/tools/OrdersSummary.vue": {"path":"/Users/carlossalgado/Web/vues/src/components/tools/OrdersSummary.vue","statementMap":{"0":{"start":{"line":16,"column":0},"end":{"line":16,"column":null}},"1":{"start":{"line":17,"column":0},"end":{"line":17,"column":null}},"2":{"start":{"line":25,"column":0},"end":{"line":25,"column":null}},"3":{"start":{"line":32,"column":0},"end":{"line":32,"column":null}},"4":{"start":{"line":34,"column":0},"end":{"line":38,"column":null}},"5":{"start":{"line":35,"column":0},"end":{"line":37,"column":null}},"6":{"start":{"line":36,"column":0},"end":{"line":36,"column":null}},"7":{"start":{"line":40,"column":0},"end":{"line":44,"column":null}},"8":{"start":{"line":41,"column":0},"end":{"line":43,"column":null}},"9":{"start":{"line":42,"column":0},"end":{"line":42,"column":null}},"10":{"start":{"line":45,"column":0},"end":{"line":45,"column":null}},"11":{"start":{"line":46,"column":0},"end":{"line":46,"column":null}},"12":{"start":{"line":47,"column":0},"end":{"line":47,"column":null}},"13":{"start":{"line":48,"column":0},"end":{"line":60,"column":null}},"14":{"start":{"line":49,"column":0},"end":{"line":49,"column":null}},"15":{"start":{"line":50,"column":0},"end":{"line":50,"column":null}},"16":{"start":{"line":51,"column":0},"end":{"line":51,"column":null}},"17":{"start":{"line":52,"column":0},"end":{"line":59,"column":null}},"18":{"start":{"line":53,"column":0},"end":{"line":53,"column":null}},"19":{"start":{"line":55,"column":0},"end":{"line":55,"column":null}},"20":{"start":{"line":58,"column":0},"end":{"line":58,"column":null}},"21":{"start":{"line":61,"column":0},"end":{"line":61,"column":null}},"22":{"start":{"line":62,"column":0},"end":{"line":64,"column":null}},"23":{"start":{"line":63,"column":0},"end":{"line":63,"column":null}},"24":{"start":{"line":65,"column":0},"end":{"line":65,"column":null}},"25":{"start":{"line":66,"column":0},"end":{"line":70,"column":null}},"26":{"start":{"line":69,"column":0},"end":{"line":69,"column":null}},"27":{"start":{"line":71,"column":0},"end":{"line":71,"column":null}},"28":{"start":{"line":75,"column":0},"end":{"line":75,"column":null}},"29":{"start":{"line":80,"column":0},"end":{"line":80,"column":null}},"30":{"start":{"line":84,"column":0},"end":{"line":86,"column":null}},"31":{"start":{"line":85,"column":0},"end":{"line":85,"column":null}}},"fnMap":{"0":{"name":"(anonymous_1)","decl":{"start":{"line":24,"column":0},"end":{"line":24,"column":null}},"loc":{"start":{"line":24,"column":0},"end":{"line":29,"column":null}}},"1":{"name":"(anonymous_2)","decl":{"start":{"line":31,"column":0},"end":{"line":31,"column":null}},"loc":{"start":{"line":31,"column":0},"end":{"line":76,"column":null}}},"2":{"name":"(anonymous_3)","decl":{"start":{"line":35,"column":0},"end":{"line":35,"column":null}},"loc":{"start":{"line":35,"column":0},"end":{"line":37,"column":null}}},"3":{"name":"(anonymous_4)","decl":{"start":{"line":40,"column":0},"end":{"line":40,"column":null}},"loc":{"start":{"line":40,"column":0},"end":{"line":44,"column":null}}},"4":{"name":"(anonymous_5)","decl":{"start":{"line":41,"column":0},"end":{"line":41,"column":null}},"loc":{"start":{"line":41,"column":0},"end":{"line":43,"column":null}}},"5":{"name":"(anonymous_6)","decl":{"start":{"line":48,"column":0},"end":{"line":48,"column":null}},"loc":{"start":{"line":48,"column":0},"end":{"line":60,"column":null}}},"6":{"name":"(anonymous_7)","decl":{"start":{"line":62,"column":0},"end":{"line":62,"column":null}},"loc":{"start":{"line":62,"column":0},"end":{"line":64,"column":null}}},"7":{"name":"(anonymous_8)","decl":{"start":{"line":66,"column":0},"end":{"line":66,"column":null}},"loc":{"start":{"line":66,"column":0},"end":{"line":70,"column":null}}},"8":{"name":"(anonymous_9)","decl":{"start":{"line":79,"column":0},"end":{"line":79,"column":null}},"loc":{"start":{"line":79,"column":0},"end":{"line":81,"column":null}}},"9":{"name":"(anonymous_10)","decl":{"start":{"line":83,"column":0},"end":{"line":83,"column":null}},"loc":{"start":{"line":83,"column":0},"end":{"line":87,"column":null}}},"10":{"name":"(anonymous_11)","decl":{"start":{"line":84,"column":0},"end":{"line":84,"column":null}},"loc":{"start":{"line":84,"column":0},"end":{"line":86,"column":null}}}},"branchMap":{"0":{"loc":{"start":{"line":34,"column":0},"end":{"line":38,"column":null}},"type":"if","locations":[{"start":{"line":34,"column":0},"end":{"line":38,"column":null}},{"start":{"line":34,"column":0},"end":{"line":38,"column":null}}]},"1":{"loc":{"start":{"line":52,"column":0},"end":{"line":59,"column":null}},"type":"if","locations":[{"start":{"line":52,"column":0},"end":{"line":59,"column":null}},{"start":{"line":52,"column":0},"end":{"line":59,"column":null}}]}},"s":{"0":0,"1":0,"2":0,"3":0,"4":0,"5":0,"6":0,"7":0,"8":0,"9":0,"10":0,"11":0,"12":0,"13":0,"14":0,"15":0,"16":0,"17":0,"18":0,"19":0,"20":0,"21":0,"22":0,"23":0,"24":0,"25":0,"26":0,"27":0,"28":0,"29":0,"30":0,"31":0},"f":{"0":0,"1":0,"2":0,"3":0,"4":0,"5":0,"6":0,"7":0,"8":0,"9":0,"10":0},"b":{"0":[0,0],"1":[0,0]}}
,"/Users/carlossalgado/Web/vues/src/store/index.js": {"data":{"path":"/Users/carlossalgado/Web/vues/src/store/index.js","statementMap":{"0":{"start":{"line":6,"column":0},"end":{"line":6,"column":14}},"1":{"start":{"line":23,"column":6},"end":{"line":23,"column":22}},"2":{"start":{"line":26,"column":6},"end":{"line":26,"column":22}},"3":{"start":{"line":30,"column":6},"end":{"line":32,"column":18}},"4":{"start":{"line":35,"column":6},"end":{"line":37,"column":18}},"5":{"start":{"line":40,"column":6},"end":{"line":40,"column":32}},"6":{"start":{"line":43,"column":6},"end":{"line":43,"column":36}},"7":{"start":{"line":46,"column":16},"end":{"line":46,"column":40}},"8":{"start":{"line":47,"column":14},"end":{"line":47,"column":37}},"9":{"start":{"line":48,"column":6},"end":{"line":48,"column":36}},"10":{"start":{"line":52,"column":6},"end":{"line":52,"column":31}},"11":{"start":{"line":56,"column":6},"end":{"line":56,"column":40}},"12":{"start":{"line":59,"column":6},"end":{"line":59,"column":66}},"13":{"start":{"line":62,"column":6},"end":{"line":66,"column":8}},"14":{"start":{"line":69,"column":15},"end":{"line":69,"column":59}},"15":{"start":{"line":70,"column":6},"end":{"line":77,"column":9}},"16":{"start":{"line":80,"column":6},"end":{"line":80,"column":53}},"17":{"start":{"line":83,"column":6},"end":{"line":83,"column":28}},"18":{"start":{"line":84,"column":6},"end":{"line":93,"column":8}},"19":{"start":{"line":98,"column":6},"end":{"line":104,"column":7}},"20":{"start":{"line":99,"column":8},"end":{"line":99,"column":36}},"21":{"start":{"line":100,"column":8},"end":{"line":100,"column":35}},"22":{"start":{"line":102,"column":8},"end":{"line":102,"column":32}},"23":{"start":{"line":103,"column":8},"end":{"line":103,"column":31}}},"fnMap":{"0":{"name":"(anonymous_0)","decl":{"start":{"line":22,"column":4},"end":{"line":22,"column":5}},"loc":{"start":{"line":22,"column":24},"end":{"line":24,"column":5}},"line":22},"1":{"name":"(anonymous_1)","decl":{"start":{"line":25,"column":4},"end":{"line":25,"column":5}},"loc":{"start":{"line":25,"column":23},"end":{"line":27,"column":5}},"line":25},"2":{"name":"(anonymous_2)","decl":{"start":{"line":29,"column":4},"end":{"line":29,"column":5}},"loc":{"start":{"line":29,"column":16},"end":{"line":33,"column":5}},"line":29},"3":{"name":"(anonymous_3)","decl":{"start":{"line":34,"column":4},"end":{"line":34,"column":5}},"loc":{"start":{"line":34,"column":20},"end":{"line":38,"column":5}},"line":34},"4":{"name":"(anonymous_4)","decl":{"start":{"line":39,"column":4},"end":{"line":39,"column":5}},"loc":{"start":{"line":39,"column":28},"end":{"line":41,"column":5}},"line":39},"5":{"name":"(anonymous_5)","decl":{"start":{"line":42,"column":4},"end":{"line":42,"column":5}},"loc":{"start":{"line":42,"column":30},"end":{"line":44,"column":5}},"line":42},"6":{"name":"(anonymous_6)","decl":{"start":{"line":45,"column":4},"end":{"line":45,"column":5}},"loc":{"start":{"line":45,"column":24},"end":{"line":49,"column":5}},"line":45},"7":{"name":"(anonymous_7)","decl":{"start":{"line":51,"column":4},"end":{"line":51,"column":5}},"loc":{"start":{"line":51,"column":32},"end":{"line":53,"column":5}},"line":51},"8":{"name":"(anonymous_8)","decl":{"start":{"line":55,"column":4},"end":{"line":55,"column":5}},"loc":{"start":{"line":55,"column":34},"end":{"line":57,"column":5}},"line":55},"9":{"name":"(anonymous_9)","decl":{"start":{"line":58,"column":4},"end":{"line":58,"column":5}},"loc":{"start":{"line":58,"column":37},"end":{"line":60,"column":5}},"line":58},"10":{"name":"(anonymous_10)","decl":{"start":{"line":61,"column":4},"end":{"line":61,"column":5}},"loc":{"start":{"line":61,"column":32},"end":{"line":67,"column":5}},"line":61},"11":{"name":"(anonymous_11)","decl":{"start":{"line":68,"column":4},"end":{"line":68,"column":5}},"loc":{"start":{"line":68,"column":15},"end":{"line":78,"column":5}},"line":68},"12":{"name":"(anonymous_12)","decl":{"start":{"line":79,"column":4},"end":{"line":79,"column":5}},"loc":{"start":{"line":79,"column":32},"end":{"line":81,"column":5}},"line":79},"13":{"name":"(anonymous_13)","decl":{"start":{"line":82,"column":4},"end":{"line":82,"column":5}},"loc":{"start":{"line":82,"column":21},"end":{"line":94,"column":5}},"line":82},"14":{"name":"(anonymous_14)","decl":{"start":{"line":97,"column":4},"end":{"line":97,"column":5}},"loc":{"start":{"line":97,"column":32},"end":{"line":105,"column":5}},"line":97}},"branchMap":{"0":{"loc":{"start":{"line":98,"column":6},"end":{"line":104,"column":7}},"type":"if","locations":[{"start":{"line":98,"column":6},"end":{"line":104,"column":7}},{"start":{"line":98,"column":6},"end":{"line":104,"column":7}}],"line":98}},"s":{"0":1,"1":1,"2":1,"3":0,"4":0,"5":0,"6":0,"7":0,"8":0,"9":0,"10":0,"11":0,"12":0,"13":0,"14":0,"15":0,"16":0,"17":0,"18":0,"19":1,"20":0,"21":0,"22":1,"23":1},"f":{"0":1,"1":1,"2":0,"3":0,"4":0,"5":0,"6":0,"7":0,"8":0,"9":0,"10":0,"11":0,"12":0,"13":0,"14":1},"b":{"0":[0,1]},"_coverageSchema":"43e27e138ebf9cfc5966b082cf9a028302ed4184","hash":"6a84a2d79c0b3c12271a47d8b7d9fd551dc85a00"}}
}
