TN:
SF:src/alertQuotes.js
FN:1876,(anonymous_0)
FN:1879,(anonymous_1)
FN:1881,(anonymous_2)
FN:1884,(anonymous_3)
FNF:4
FNH:4
FNDA:370,(anonymous_0)
FNDA:370,(anonymous_1)
FNDA:370,(anonymous_2)
FNDA:370,(anonymous_3)
DA:1,1
DA:1875,1
DA:1877,370
DA:1879,370
DA:1880,1
DA:1882,370
DA:1884,370
LF:7
LH:7
BRF:0
BRH:0
end_of_record
TN:
SF:src/firebase.js
FN:38,(anonymous_0)
FN:43,(anonymous_1)
FN:66,getUser
FN:70,getByDateRange
FN:71,(anonymous_4)
FN:87,(anonymous_5)
FN:89,(anonymous_6)
FN:101,getAll
FN:102,(anonymous_8)
FN:105,(anonymous_9)
FN:107,(anonymous_10)
FN:119,getOneWhere
FN:120,(anonymous_12)
FN:127,(anonymous_13)
FN:129,(anonymous_14)
FN:141,getAllWhere
FN:142,(anonymous_16)
FN:149,(anonymous_17)
FN:151,(anonymous_18)
FN:163,getAllOrdersWhereProduct
FN:164,(anonymous_20)
FN:166,(anonymous_21)
FN:168,(anonymous_22)
FN:172,(anonymous_23)
FN:184,getById
FN:185,(anonymous_25)
FN:191,(anonymous_26)
FN:198,getMostUsedClients
FN:199,(anonymous_28)
FN:205,(anonymous_29)
FN:209,(anonymous_30)
FN:214,(anonymous_31)
FN:219,(anonymous_32)
FN:220,(anonymous_33)
FN:228,(anonymous_34)
FN:234,(anonymous_35)
FN:244,getMostUsed
FN:249,(anonymous_37)
FN:257,(anonymous_38)
FN:259,(anonymous_39)
FN:265,(anonymous_40)
FN:270,(anonymous_41)
FN:271,(anonymous_42)
FN:279,(anonymous_43)
FN:285,(anonymous_44)
FN:295,getAsOptionsForSelect
FN:296,(anonymous_46)
FN:299,(anonymous_47)
FN:302,(anonymous_48)
FN:306,(anonymous_49)
FN:309,(anonymous_50)
FN:325,getClientsLastOrder
FN:326,(anonymous_52)
FN:334,(anonymous_53)
FN:341,getProvidersLastExpense
FN:342,(anonymous_55)
FN:350,(anonymous_56)
FN:357,save
FN:359,(anonymous_58)
FN:362,(anonymous_59)
FN:379,update
FN:381,(anonymous_61)
FN:383,(anonymous_62)
FN:399,updateSingleProp
FN:403,(anonymous_64)
FN:412,remove
FN:414,(anonymous_66)
FN:415,(anonymous_67)
FN:419,(anonymous_68)
FN:425,(anonymous_69)
FNF:70
FNH:1
FNDA:1,(anonymous_0)
FNDA:0,(anonymous_1)
FNDA:0,getUser
FNDA:0,getByDateRange
FNDA:0,(anonymous_4)
FNDA:0,(anonymous_5)
FNDA:0,(anonymous_6)
FNDA:0,getAll
FNDA:0,(anonymous_8)
FNDA:0,(anonymous_9)
FNDA:0,(anonymous_10)
FNDA:0,getOneWhere
FNDA:0,(anonymous_12)
FNDA:0,(anonymous_13)
FNDA:0,(anonymous_14)
FNDA:0,getAllWhere
FNDA:0,(anonymous_16)
FNDA:0,(anonymous_17)
FNDA:0,(anonymous_18)
FNDA:0,getAllOrdersWhereProduct
FNDA:0,(anonymous_20)
FNDA:0,(anonymous_21)
FNDA:0,(anonymous_22)
FNDA:0,(anonymous_23)
FNDA:0,getById
FNDA:0,(anonymous_25)
FNDA:0,(anonymous_26)
FNDA:0,getMostUsedClients
FNDA:0,(anonymous_28)
FNDA:0,(anonymous_29)
FNDA:0,(anonymous_30)
FNDA:0,(anonymous_31)
FNDA:0,(anonymous_32)
FNDA:0,(anonymous_33)
FNDA:0,(anonymous_34)
FNDA:0,(anonymous_35)
FNDA:0,getMostUsed
FNDA:0,(anonymous_37)
FNDA:0,(anonymous_38)
FNDA:0,(anonymous_39)
FNDA:0,(anonymous_40)
FNDA:0,(anonymous_41)
FNDA:0,(anonymous_42)
FNDA:0,(anonymous_43)
FNDA:0,(anonymous_44)
FNDA:0,getAsOptionsForSelect
FNDA:0,(anonymous_46)
FNDA:0,(anonymous_47)
FNDA:0,(anonymous_48)
FNDA:0,(anonymous_49)
FNDA:0,(anonymous_50)
FNDA:0,getClientsLastOrder
FNDA:0,(anonymous_52)
FNDA:0,(anonymous_53)
FNDA:0,getProvidersLastExpense
FNDA:0,(anonymous_55)
FNDA:0,(anonymous_56)
FNDA:0,save
FNDA:0,(anonymous_58)
FNDA:0,(anonymous_59)
FNDA:0,update
FNDA:0,(anonymous_61)
FNDA:0,(anonymous_62)
FNDA:0,updateSingleProp
FNDA:0,(anonymous_64)
FNDA:0,remove
FNDA:0,(anonymous_66)
FNDA:0,(anonymous_67)
FNDA:0,(anonymous_68)
FNDA:0,(anonymous_69)
DA:11,1
DA:18,1
DA:20,1
DA:30,1
DA:31,1
DA:36,1
DA:38,1
DA:39,1
DA:40,0
DA:44,0
DA:45,0
DA:46,0
DA:47,0
DA:48,0
DA:49,0
DA:50,0
DA:51,0
DA:52,0
DA:53,0
DA:54,0
DA:55,0
DA:59,1
DA:67,0
DA:71,0
DA:72,0
DA:73,0
DA:74,0
DA:88,0
DA:89,0
DA:90,0
DA:91,0
DA:92,0
DA:93,0
DA:95,0
DA:96,0
DA:102,0
DA:103,0
DA:104,0
DA:105,0
DA:106,0
DA:107,0
DA:108,0
DA:109,0
DA:110,0
DA:111,0
DA:113,0
DA:114,0
DA:120,0
DA:121,0
DA:122,0
DA:128,0
DA:129,0
DA:130,0
DA:131,0
DA:132,0
DA:133,0
DA:135,0
DA:136,0
DA:142,0
DA:143,0
DA:144,0
DA:145,0
DA:150,0
DA:151,0
DA:152,0
DA:153,0
DA:154,0
DA:155,0
DA:157,0
DA:158,0
DA:164,0
DA:165,0
DA:166,0
DA:167,0
DA:168,0
DA:169,0
DA:170,0
DA:171,0
DA:172,0
DA:173,0
DA:174,0
DA:178,0
DA:179,0
DA:185,0
DA:186,0
DA:187,0
DA:188,0
DA:192,0
DA:193,0
DA:199,0
DA:200,0
DA:201,0
DA:202,0
DA:206,0
DA:207,0
DA:208,0
DA:209,0
DA:210,0
DA:211,0
DA:213,0
DA:215,0
DA:218,0
DA:220,0
DA:221,0
DA:223,0
DA:229,0
DA:230,0
DA:231,0
DA:235,0
DA:237,0
DA:238,0
DA:239,0
DA:249,0
DA:250,0
DA:251,0
DA:252,0
DA:253,0
DA:254,0
DA:255,0
DA:256,0
DA:257,0
DA:258,0
DA:259,0
DA:260,0
DA:261,0
DA:263,0
DA:264,0
DA:266,0
DA:269,0
DA:271,0
DA:272,0
DA:274,0
DA:280,0
DA:281,0
DA:282,0
DA:286,0
DA:288,0
DA:289,0
DA:290,0
DA:296,0
DA:297,0
DA:298,0
DA:299,0
DA:300,0
DA:301,0
DA:302,0
DA:303,0
DA:305,0
DA:307,0
DA:310,0
DA:311,0
DA:312,0
DA:315,0
DA:316,0
DA:317,0
DA:319,0
DA:320,0
DA:326,0
DA:327,0
DA:328,0
DA:329,0
DA:335,0
DA:336,0
DA:342,0
DA:343,0
DA:344,0
DA:345,0
DA:351,0
DA:352,0
DA:358,0
DA:359,0
DA:360,0
DA:361,0
DA:362,0
DA:363,0
DA:364,0
DA:366,0
DA:367,0
DA:369,0
DA:373,0
DA:374,0
DA:375,0
DA:380,0
DA:381,0
DA:382,0
DA:383,0
DA:384,0
DA:385,0
DA:387,0
DA:388,0
DA:390,0
DA:394,0
DA:395,0
DA:400,0
DA:404,0
DA:405,0
DA:407,0
DA:413,0
DA:414,0
DA:415,0
DA:416,0
DA:417,0
DA:418,0
DA:420,0
DA:426,0
DA:427,0
DA:428,0
LF:207
LH:9
BRDA:39,0,0,0
BRDA:39,0,1,1
BRDA:45,1,0,0
BRDA:45,1,1,0
BRDA:50,2,0,0
BRDA:50,2,1,0
BRDA:173,3,0,0
BRDA:173,3,1,0
BRDA:231,4,0,0
BRDA:231,4,1,0
BRDA:231,5,0,0
BRDA:231,5,1,0
BRDA:282,6,0,0
BRDA:282,6,1,0
BRDA:282,7,0,0
BRDA:282,7,1,0
BRDA:312,8,0,0
BRDA:312,8,1,0
BRDA:316,9,0,0
BRDA:316,9,1,0
BRDA:363,10,0,0
BRDA:363,10,1,0
BRDA:366,11,0,0
BRDA:366,11,1,0
BRDA:384,12,0,0
BRDA:384,12,1,0
BRDA:387,13,0,0
BRDA:387,13,1,0
BRDA:404,14,0,0
BRDA:404,14,1,0
BRF:30
BRH:1
end_of_record
TN:
SF:src/components/tools/ButtonEdit.vue
FN:11,(anonymous_1)
FN:13,(anonymous_2)
FNF:2
FNH:2
FNDA:3,(anonymous_1)
FNDA:1,(anonymous_2)
DA:14,1
LF:1
LH:1
BRF:0
BRH:0
end_of_record
TN:
SF:src/components/tools/ButtonTest.vue
FN:16,(anonymous_1)
FN:18,(anonymous_2)
FN:22,(anonymous_3)
FN:25,(anonymous_4)
FN:27,(anonymous_5)
FN:39,(anonymous_6)
FN:40,(anonymous_7)
FNF:7
FNH:1
FNDA:2,(anonymous_1)
FNDA:0,(anonymous_2)
FNDA:0,(anonymous_3)
FNDA:0,(anonymous_4)
FNDA:0,(anonymous_5)
FNDA:0,(anonymous_6)
FNDA:0,(anonymous_7)
DA:7,1
DA:8,1
DA:19,0
DA:20,0
DA:21,0
DA:22,0
DA:23,0
DA:24,0
DA:25,0
DA:26,0
DA:27,0
DA:28,0
DA:29,0
DA:30,0
DA:34,0
DA:38,0
DA:39,0
DA:40,0
DA:41,0
DA:42,0
DA:43,0
DA:47,0
DA:51,0
DA:52,0
LF:24
LH:2
BRDA:24,0,0,0
BRDA:24,0,1,0
BRDA:28,1,0,0
BRDA:28,1,1,0
BRDA:38,2,0,0
BRDA:38,2,1,0
BRDA:41,3,0,0
BRDA:41,3,1,0
BRDA:51,4,0,0
BRDA:51,4,1,0
BRF:10
BRH:0
end_of_record
TN:
SF:src/store/index.js
FN:22,(anonymous_0)
FN:25,(anonymous_1)
FN:29,(anonymous_2)
FN:34,(anonymous_3)
FN:39,(anonymous_4)
FN:42,(anonymous_5)
FN:45,(anonymous_6)
FN:51,(anonymous_7)
FN:55,(anonymous_8)
FN:58,(anonymous_9)
FN:61,(anonymous_10)
FN:68,(anonymous_11)
FN:79,(anonymous_12)
FN:82,(anonymous_13)
FN:97,(anonymous_14)
FNF:15
FNH:3
FNDA:1,(anonymous_0)
FNDA:1,(anonymous_1)
FNDA:0,(anonymous_2)
FNDA:0,(anonymous_3)
FNDA:0,(anonymous_4)
FNDA:0,(anonymous_5)
FNDA:0,(anonymous_6)
FNDA:0,(anonymous_7)
FNDA:0,(anonymous_8)
FNDA:0,(anonymous_9)
FNDA:0,(anonymous_10)
FNDA:0,(anonymous_11)
FNDA:0,(anonymous_12)
FNDA:0,(anonymous_13)
FNDA:1,(anonymous_14)
DA:6,1
DA:23,1
DA:26,1
DA:30,0
DA:35,0
DA:40,0
DA:43,0
DA:46,0
DA:47,0
DA:48,0
DA:52,0
DA:56,0
DA:59,0
DA:62,0
DA:69,0
DA:70,0
DA:80,0
DA:83,0
DA:84,0
DA:98,1
DA:99,0
DA:100,0
DA:102,1
DA:103,1
LF:24
LH:6
BRDA:98,0,0,0
BRDA:98,0,1,1
BRF:2
BRH:1
end_of_record
